2018-09-19 23:32:27,351 INFO Training... dropout = 0.3 , batch_size = 128 , learning rate = 0.0001
2018-09-19 23:32:45,626 INFO EPOCH 1 - 18 sec ...
2018-09-19 23:32:45,626 INFO Training  = 0.338 Validation  = 0.273
2018-09-19 23:33:01,222 INFO EPOCH 2 - 34 sec ...
2018-09-19 23:33:01,222 INFO Training  = 0.508 Validation  = 0.446
2018-09-19 23:33:17,027 INFO EPOCH 3 - 49 sec ...
2018-09-19 23:33:17,028 INFO Training  = 0.608 Validation  = 0.557
2018-09-19 23:33:34,289 INFO EPOCH 4 - 67 sec ...
2018-09-19 23:33:34,289 INFO Training  = 0.678 Validation  = 0.629
2018-09-19 23:33:49,628 INFO EPOCH 5 - 82 sec ...
2018-09-19 23:33:49,628 INFO Training  = 0.730 Validation  = 0.691
2018-09-19 23:34:04,996 INFO EPOCH 6 - 97 sec ...
2018-09-19 23:34:04,996 INFO Training  = 0.768 Validation  = 0.728
2018-09-19 23:34:21,271 INFO EPOCH 7 - 114 sec ...
2018-09-19 23:34:21,271 INFO Training  = 0.791 Validation  = 0.753
2018-09-19 23:44:51,743 INFO Training... dropout = 0.3 , batch_size = 128 , learning rate = 0.0001
2018-09-19 23:45:13,708 INFO EPOCH 1 - 22 sec ...
2018-09-19 23:45:13,708 INFO Training  = 0.552 Validation  = 0.495
2018-09-19 23:45:35,463 INFO EPOCH 2 - 43 sec ...
2018-09-19 23:45:35,463 INFO Training  = 0.769 Validation  = 0.700
2018-09-21 09:55:53,323 INFO Training..., batch_size = 128 , learning rate = 0.001
2018-09-21 09:56:49,068 INFO Training..., batch_size = 128 , learning rate = 0.001
2018-09-21 09:56:49,068 INFO Training..., batch_size = 128 , learning rate = 0.001
2018-09-21 09:56:51,529 INFO EPOCH 1 - 2 sec ...
2018-09-21 09:56:51,529 INFO EPOCH 1 - 2 sec ...
2018-09-21 09:58:03,312 INFO Training..., batch_size = 128 , learning rate = 0.001
2018-09-21 09:58:03,312 INFO Training..., batch_size = 128 , learning rate = 0.001
2018-09-21 09:58:03,312 INFO Training..., batch_size = 128 , learning rate = 0.001
2018-09-21 09:58:06,548 INFO EPOCH 1 - 2 sec ...
2018-09-21 09:58:06,548 INFO EPOCH 1 - 2 sec ...
2018-09-21 09:58:06,548 INFO EPOCH 1 - 2 sec ...
2018-09-21 09:58:06,549 INFO Training Accuracy = 0.805 Validation Accuracy = 0.735
2018-09-21 09:58:06,549 INFO Training Accuracy = 0.805 Validation Accuracy = 0.735
2018-09-21 09:58:06,549 INFO Training Accuracy = 0.805 Validation Accuracy = 0.735
2018-09-21 09:58:09,245 INFO EPOCH 2 - 5 sec ...
2018-09-21 09:58:09,245 INFO EPOCH 2 - 5 sec ...
2018-09-21 09:58:09,245 INFO EPOCH 2 - 5 sec ...
2018-09-21 09:58:09,246 INFO Training Accuracy = 0.928 Validation Accuracy = 0.859
2018-09-21 09:58:09,246 INFO Training Accuracy = 0.928 Validation Accuracy = 0.859
2018-09-21 09:58:09,246 INFO Training Accuracy = 0.928 Validation Accuracy = 0.859
2018-09-21 09:58:11,740 INFO EPOCH 3 - 7 sec ...
2018-09-21 09:58:11,740 INFO EPOCH 3 - 7 sec ...
2018-09-21 09:58:11,740 INFO EPOCH 3 - 7 sec ...
2018-09-21 09:58:11,741 INFO Training Accuracy = 0.960 Validation Accuracy = 0.902
2018-09-21 09:58:11,741 INFO Training Accuracy = 0.960 Validation Accuracy = 0.902
2018-09-21 09:58:11,741 INFO Training Accuracy = 0.960 Validation Accuracy = 0.902
2018-09-21 09:58:14,140 INFO EPOCH 4 - 10 sec ...
2018-09-21 09:58:14,140 INFO EPOCH 4 - 10 sec ...
2018-09-21 09:58:14,140 INFO EPOCH 4 - 10 sec ...
2018-09-21 09:58:14,141 INFO Training Accuracy = 0.975 Validation Accuracy = 0.922
2018-09-21 09:58:14,141 INFO Training Accuracy = 0.975 Validation Accuracy = 0.922
2018-09-21 09:58:14,141 INFO Training Accuracy = 0.975 Validation Accuracy = 0.922
2018-09-21 09:58:17,308 INFO EPOCH 5 - 13 sec ...
2018-09-21 09:58:17,308 INFO EPOCH 5 - 13 sec ...
2018-09-21 09:58:17,308 INFO EPOCH 5 - 13 sec ...
2018-09-21 09:58:17,309 INFO Training Accuracy = 0.979 Validation Accuracy = 0.930
2018-09-21 09:58:17,309 INFO Training Accuracy = 0.979 Validation Accuracy = 0.930
2018-09-21 09:58:17,309 INFO Training Accuracy = 0.979 Validation Accuracy = 0.930
2018-09-21 09:58:19,796 INFO EPOCH 6 - 15 sec ...
2018-09-21 09:58:19,796 INFO EPOCH 6 - 15 sec ...
2018-09-21 09:58:19,796 INFO EPOCH 6 - 15 sec ...
2018-09-21 09:58:19,797 INFO Training Accuracy = 0.986 Validation Accuracy = 0.933
2018-09-21 09:58:19,797 INFO Training Accuracy = 0.986 Validation Accuracy = 0.933
2018-09-21 09:58:19,797 INFO Training Accuracy = 0.986 Validation Accuracy = 0.933
2018-09-21 09:58:22,279 INFO EPOCH 7 - 18 sec ...
2018-09-21 09:58:22,279 INFO EPOCH 7 - 18 sec ...
2018-09-21 09:58:22,279 INFO EPOCH 7 - 18 sec ...
2018-09-21 09:58:22,279 INFO Training Accuracy = 0.987 Validation Accuracy = 0.939
2018-09-21 09:58:22,279 INFO Training Accuracy = 0.987 Validation Accuracy = 0.939
2018-09-21 09:58:22,279 INFO Training Accuracy = 0.987 Validation Accuracy = 0.939
2018-09-21 09:58:24,894 INFO EPOCH 8 - 21 sec ...
2018-09-21 09:58:24,894 INFO EPOCH 8 - 21 sec ...
2018-09-21 09:58:24,894 INFO EPOCH 8 - 21 sec ...
2018-09-21 09:58:24,894 INFO Training Accuracy = 0.989 Validation Accuracy = 0.933
2018-09-21 09:58:24,894 INFO Training Accuracy = 0.989 Validation Accuracy = 0.933
2018-09-21 09:58:24,894 INFO Training Accuracy = 0.989 Validation Accuracy = 0.933
2018-09-21 09:58:27,362 INFO EPOCH 9 - 23 sec ...
2018-09-21 09:58:27,362 INFO EPOCH 9 - 23 sec ...
2018-09-21 09:58:27,362 INFO EPOCH 9 - 23 sec ...
2018-09-21 09:58:27,363 INFO Training Accuracy = 0.993 Validation Accuracy = 0.937
2018-09-21 09:58:27,363 INFO Training Accuracy = 0.993 Validation Accuracy = 0.937
2018-09-21 09:58:27,363 INFO Training Accuracy = 0.993 Validation Accuracy = 0.937
2018-09-21 09:58:29,876 INFO EPOCH 10 - 26 sec ...
2018-09-21 09:58:29,876 INFO EPOCH 10 - 26 sec ...
2018-09-21 09:58:29,876 INFO EPOCH 10 - 26 sec ...
2018-09-21 09:58:29,877 INFO Training Accuracy = 0.993 Validation Accuracy = 0.945
2018-09-21 09:58:29,877 INFO Training Accuracy = 0.993 Validation Accuracy = 0.945
2018-09-21 09:58:29,877 INFO Training Accuracy = 0.993 Validation Accuracy = 0.945
2018-09-21 09:58:32,316 INFO EPOCH 11 - 28 sec ...
2018-09-21 09:58:32,316 INFO EPOCH 11 - 28 sec ...
2018-09-21 09:58:32,316 INFO EPOCH 11 - 28 sec ...
2018-09-21 09:58:32,316 INFO Training Accuracy = 0.994 Validation Accuracy = 0.945
2018-09-21 09:58:32,316 INFO Training Accuracy = 0.994 Validation Accuracy = 0.945
2018-09-21 09:58:32,316 INFO Training Accuracy = 0.994 Validation Accuracy = 0.945
2018-09-21 09:58:34,818 INFO EPOCH 12 - 31 sec ...
2018-09-21 09:58:34,818 INFO EPOCH 12 - 31 sec ...
2018-09-21 09:58:34,818 INFO EPOCH 12 - 31 sec ...
2018-09-21 09:58:34,818 INFO Training Accuracy = 0.995 Validation Accuracy = 0.954
2018-09-21 09:58:34,818 INFO Training Accuracy = 0.995 Validation Accuracy = 0.954
2018-09-21 09:58:34,818 INFO Training Accuracy = 0.995 Validation Accuracy = 0.954
2018-09-21 09:58:37,758 INFO EPOCH 13 - 33 sec ...
2018-09-21 09:58:37,758 INFO EPOCH 13 - 33 sec ...
2018-09-21 09:58:37,758 INFO EPOCH 13 - 33 sec ...
2018-09-21 09:58:37,758 INFO Training Accuracy = 0.995 Validation Accuracy = 0.946
2018-09-21 09:58:37,758 INFO Training Accuracy = 0.995 Validation Accuracy = 0.946
2018-09-21 09:58:37,758 INFO Training Accuracy = 0.995 Validation Accuracy = 0.946
2018-09-21 09:58:40,246 INFO EPOCH 14 - 36 sec ...
2018-09-21 09:58:40,246 INFO EPOCH 14 - 36 sec ...
2018-09-21 09:58:40,246 INFO EPOCH 14 - 36 sec ...
2018-09-21 09:58:40,247 INFO Training Accuracy = 0.996 Validation Accuracy = 0.949
2018-09-21 09:58:40,247 INFO Training Accuracy = 0.996 Validation Accuracy = 0.949
2018-09-21 09:58:40,247 INFO Training Accuracy = 0.996 Validation Accuracy = 0.949
2018-09-21 09:58:42,744 INFO EPOCH 15 - 38 sec ...
2018-09-21 09:58:42,744 INFO EPOCH 15 - 38 sec ...
2018-09-21 09:58:42,744 INFO EPOCH 15 - 38 sec ...
2018-09-21 09:58:42,745 INFO Training Accuracy = 0.996 Validation Accuracy = 0.947
2018-09-21 09:58:42,745 INFO Training Accuracy = 0.996 Validation Accuracy = 0.947
2018-09-21 09:58:42,745 INFO Training Accuracy = 0.996 Validation Accuracy = 0.947
2018-09-21 09:58:46,767 INFO EPOCH 16 - 42 sec ...
2018-09-21 09:58:46,767 INFO EPOCH 16 - 42 sec ...
2018-09-21 09:58:46,767 INFO EPOCH 16 - 42 sec ...
2018-09-21 09:58:46,768 INFO Training Accuracy = 0.996 Validation Accuracy = 0.952
2018-09-21 09:58:46,768 INFO Training Accuracy = 0.996 Validation Accuracy = 0.952
2018-09-21 09:58:46,768 INFO Training Accuracy = 0.996 Validation Accuracy = 0.952
2018-09-21 09:58:49,216 INFO EPOCH 17 - 45 sec ...
2018-09-21 09:58:49,216 INFO EPOCH 17 - 45 sec ...
2018-09-21 09:58:49,216 INFO EPOCH 17 - 45 sec ...
2018-09-21 09:58:49,217 INFO Training Accuracy = 0.997 Validation Accuracy = 0.943
2018-09-21 09:58:49,217 INFO Training Accuracy = 0.997 Validation Accuracy = 0.943
2018-09-21 09:58:49,217 INFO Training Accuracy = 0.997 Validation Accuracy = 0.943
2018-09-21 09:58:51,672 INFO EPOCH 18 - 47 sec ...
2018-09-21 09:58:51,672 INFO EPOCH 18 - 47 sec ...
2018-09-21 09:58:51,672 INFO EPOCH 18 - 47 sec ...
2018-09-21 09:58:51,691 INFO Training Accuracy = 0.997 Validation Accuracy = 0.952
2018-09-21 09:58:51,691 INFO Training Accuracy = 0.997 Validation Accuracy = 0.952
2018-09-21 09:58:51,691 INFO Training Accuracy = 0.997 Validation Accuracy = 0.952
2018-09-21 09:58:54,185 INFO EPOCH 19 - 50 sec ...
2018-09-21 09:58:54,185 INFO EPOCH 19 - 50 sec ...
2018-09-21 09:58:54,185 INFO EPOCH 19 - 50 sec ...
2018-09-21 09:58:54,185 INFO Training Accuracy = 0.997 Validation Accuracy = 0.950
2018-09-21 09:58:54,185 INFO Training Accuracy = 0.997 Validation Accuracy = 0.950
2018-09-21 09:58:54,185 INFO Training Accuracy = 0.997 Validation Accuracy = 0.950
2018-09-21 09:58:56,831 INFO EPOCH 20 - 53 sec ...
2018-09-21 09:58:56,831 INFO EPOCH 20 - 53 sec ...
2018-09-21 09:58:56,831 INFO EPOCH 20 - 53 sec ...
2018-09-21 09:58:56,849 INFO Training Accuracy = 0.997 Validation Accuracy = 0.942
2018-09-21 09:58:56,849 INFO Training Accuracy = 0.997 Validation Accuracy = 0.942
2018-09-21 09:58:56,849 INFO Training Accuracy = 0.997 Validation Accuracy = 0.942
2018-09-21 09:58:59,349 INFO EPOCH 21 - 55 sec ...
2018-09-21 09:58:59,349 INFO EPOCH 21 - 55 sec ...
2018-09-21 09:58:59,349 INFO EPOCH 21 - 55 sec ...
2018-09-21 09:58:59,349 INFO Training Accuracy = 0.998 Validation Accuracy = 0.951
2018-09-21 09:58:59,349 INFO Training Accuracy = 0.998 Validation Accuracy = 0.951
2018-09-21 09:58:59,349 INFO Training Accuracy = 0.998 Validation Accuracy = 0.951
2018-09-21 09:59:01,813 INFO EPOCH 22 - 58 sec ...
2018-09-21 09:59:01,813 INFO EPOCH 22 - 58 sec ...
2018-09-21 09:59:01,813 INFO EPOCH 22 - 58 sec ...
2018-09-21 09:59:01,814 INFO Training Accuracy = 0.998 Validation Accuracy = 0.951
2018-09-21 09:59:01,814 INFO Training Accuracy = 0.998 Validation Accuracy = 0.951
2018-09-21 09:59:01,814 INFO Training Accuracy = 0.998 Validation Accuracy = 0.951
2018-09-21 09:59:04,294 INFO EPOCH 23 - 60 sec ...
2018-09-21 09:59:04,294 INFO EPOCH 23 - 60 sec ...
2018-09-21 09:59:04,294 INFO EPOCH 23 - 60 sec ...
2018-09-21 09:59:04,294 INFO Training Accuracy = 0.998 Validation Accuracy = 0.955
2018-09-21 09:59:04,294 INFO Training Accuracy = 0.998 Validation Accuracy = 0.955
2018-09-21 09:59:04,294 INFO Training Accuracy = 0.998 Validation Accuracy = 0.955
2018-09-21 09:59:06,766 INFO EPOCH 24 - 62 sec ...
2018-09-21 09:59:06,766 INFO EPOCH 24 - 62 sec ...
2018-09-21 09:59:06,766 INFO EPOCH 24 - 62 sec ...
2018-09-21 09:59:06,766 INFO Training Accuracy = 0.999 Validation Accuracy = 0.949
2018-09-21 09:59:06,766 INFO Training Accuracy = 0.999 Validation Accuracy = 0.949
2018-09-21 09:59:06,766 INFO Training Accuracy = 0.999 Validation Accuracy = 0.949
2018-09-21 09:59:09,402 INFO EPOCH 25 - 65 sec ...
2018-09-21 09:59:09,402 INFO EPOCH 25 - 65 sec ...
2018-09-21 09:59:09,402 INFO EPOCH 25 - 65 sec ...
2018-09-21 09:59:09,402 INFO Training Accuracy = 0.999 Validation Accuracy = 0.952
2018-09-21 09:59:09,402 INFO Training Accuracy = 0.999 Validation Accuracy = 0.952
2018-09-21 09:59:09,402 INFO Training Accuracy = 0.999 Validation Accuracy = 0.952
2018-09-21 09:59:11,853 INFO EPOCH 26 - 68 sec ...
2018-09-21 09:59:11,853 INFO EPOCH 26 - 68 sec ...
2018-09-21 09:59:11,853 INFO EPOCH 26 - 68 sec ...
2018-09-21 09:59:11,853 INFO Training Accuracy = 0.998 Validation Accuracy = 0.951
2018-09-21 09:59:11,853 INFO Training Accuracy = 0.998 Validation Accuracy = 0.951
2018-09-21 09:59:11,853 INFO Training Accuracy = 0.998 Validation Accuracy = 0.951
2018-09-21 09:59:14,391 INFO EPOCH 27 - 70 sec ...
2018-09-21 09:59:14,391 INFO EPOCH 27 - 70 sec ...
2018-09-21 09:59:14,391 INFO EPOCH 27 - 70 sec ...
2018-09-21 09:59:14,391 INFO Training Accuracy = 0.999 Validation Accuracy = 0.955
2018-09-21 09:59:14,391 INFO Training Accuracy = 0.999 Validation Accuracy = 0.955
2018-09-21 09:59:14,391 INFO Training Accuracy = 0.999 Validation Accuracy = 0.955
2018-09-21 09:59:16,996 INFO EPOCH 28 - 73 sec ...
2018-09-21 09:59:16,996 INFO EPOCH 28 - 73 sec ...
2018-09-21 09:59:16,996 INFO EPOCH 28 - 73 sec ...
2018-09-21 09:59:16,996 INFO Training Accuracy = 0.999 Validation Accuracy = 0.951
2018-09-21 09:59:16,996 INFO Training Accuracy = 0.999 Validation Accuracy = 0.951
2018-09-21 09:59:16,996 INFO Training Accuracy = 0.999 Validation Accuracy = 0.951
2018-09-21 09:59:21,032 INFO EPOCH 29 - 77 sec ...
2018-09-21 09:59:21,032 INFO EPOCH 29 - 77 sec ...
2018-09-21 09:59:21,032 INFO EPOCH 29 - 77 sec ...
2018-09-21 09:59:21,033 INFO Training Accuracy = 0.999 Validation Accuracy = 0.951
2018-09-21 09:59:21,033 INFO Training Accuracy = 0.999 Validation Accuracy = 0.951
2018-09-21 09:59:21,033 INFO Training Accuracy = 0.999 Validation Accuracy = 0.951
2018-09-21 09:59:23,545 INFO EPOCH 30 - 79 sec ...
2018-09-21 09:59:23,545 INFO EPOCH 30 - 79 sec ...
2018-09-21 09:59:23,545 INFO EPOCH 30 - 79 sec ...
2018-09-21 09:59:23,546 INFO Training Accuracy = 0.999 Validation Accuracy = 0.949
2018-09-21 09:59:23,546 INFO Training Accuracy = 0.999 Validation Accuracy = 0.949
2018-09-21 09:59:23,546 INFO Training Accuracy = 0.999 Validation Accuracy = 0.949
2018-09-21 09:59:24,011 INFO Restoring parameters from ./lenet
2018-09-21 09:59:24,011 INFO Restoring parameters from ./lenet
2018-09-21 09:59:24,011 INFO Restoring parameters from ./lenet
2018-09-21 10:00:00,819 INFO Training..., batch_size = 128 , learning rate = 0.001
2018-09-21 10:00:00,819 INFO Training..., batch_size = 128 , learning rate = 0.001
2018-09-21 10:00:00,819 INFO Training..., batch_size = 128 , learning rate = 0.001
2018-09-21 10:00:00,819 INFO Training..., batch_size = 128 , learning rate = 0.001
2018-09-21 10:00:04,687 INFO EPOCH 1 - 2 sec ...
2018-09-21 10:00:04,687 INFO EPOCH 1 - 2 sec ...
2018-09-21 10:00:04,687 INFO EPOCH 1 - 2 sec ...
2018-09-21 10:00:04,687 INFO EPOCH 1 - 2 sec ...
2018-09-21 10:00:04,688 INFO Training Accuracy = 0.730 Validation Accuracy = 0.666
2018-09-21 10:00:04,688 INFO Training Accuracy = 0.730 Validation Accuracy = 0.666
2018-09-21 10:00:04,688 INFO Training Accuracy = 0.730 Validation Accuracy = 0.666
2018-09-21 10:00:04,688 INFO Training Accuracy = 0.730 Validation Accuracy = 0.666
2018-09-21 10:00:07,351 INFO EPOCH 2 - 5 sec ...
2018-09-21 10:00:07,351 INFO EPOCH 2 - 5 sec ...
2018-09-21 10:00:07,351 INFO EPOCH 2 - 5 sec ...
2018-09-21 10:00:07,351 INFO EPOCH 2 - 5 sec ...
2018-09-21 10:00:07,352 INFO Training Accuracy = 0.915 Validation Accuracy = 0.876
2018-09-21 10:00:07,352 INFO Training Accuracy = 0.915 Validation Accuracy = 0.876
2018-09-21 10:00:07,352 INFO Training Accuracy = 0.915 Validation Accuracy = 0.876
2018-09-21 10:00:07,352 INFO Training Accuracy = 0.915 Validation Accuracy = 0.876
2018-09-21 10:00:09,894 INFO EPOCH 3 - 8 sec ...
2018-09-21 10:00:09,894 INFO EPOCH 3 - 8 sec ...
2018-09-21 10:00:09,894 INFO EPOCH 3 - 8 sec ...
2018-09-21 10:00:09,894 INFO EPOCH 3 - 8 sec ...
2018-09-21 10:00:09,895 INFO Training Accuracy = 0.949 Validation Accuracy = 0.894
2018-09-21 10:00:09,895 INFO Training Accuracy = 0.949 Validation Accuracy = 0.894
2018-09-21 10:00:09,895 INFO Training Accuracy = 0.949 Validation Accuracy = 0.894
2018-09-21 10:00:09,895 INFO Training Accuracy = 0.949 Validation Accuracy = 0.894
2018-09-21 10:00:12,329 INFO EPOCH 4 - 10 sec ...
2018-09-21 10:00:12,329 INFO EPOCH 4 - 10 sec ...
2018-09-21 10:00:12,329 INFO EPOCH 4 - 10 sec ...
2018-09-21 10:00:12,329 INFO EPOCH 4 - 10 sec ...
2018-09-21 10:00:12,330 INFO Training Accuracy = 0.967 Validation Accuracy = 0.928
2018-09-21 10:00:12,330 INFO Training Accuracy = 0.967 Validation Accuracy = 0.928
2018-09-21 10:00:12,330 INFO Training Accuracy = 0.967 Validation Accuracy = 0.928
2018-09-21 10:00:12,330 INFO Training Accuracy = 0.967 Validation Accuracy = 0.928
2018-09-21 10:00:14,819 INFO EPOCH 5 - 12 sec ...
2018-09-21 10:00:14,819 INFO EPOCH 5 - 12 sec ...
2018-09-21 10:00:14,819 INFO EPOCH 5 - 12 sec ...
2018-09-21 10:00:14,819 INFO EPOCH 5 - 12 sec ...
2018-09-21 10:00:14,820 INFO Training Accuracy = 0.972 Validation Accuracy = 0.938
2018-09-21 10:00:14,820 INFO Training Accuracy = 0.972 Validation Accuracy = 0.938
2018-09-21 10:00:14,820 INFO Training Accuracy = 0.972 Validation Accuracy = 0.938
2018-09-21 10:00:14,820 INFO Training Accuracy = 0.972 Validation Accuracy = 0.938
2018-09-21 10:00:17,979 INFO EPOCH 6 - 16 sec ...
2018-09-21 10:00:17,979 INFO EPOCH 6 - 16 sec ...
2018-09-21 10:00:17,979 INFO EPOCH 6 - 16 sec ...
2018-09-21 10:00:17,979 INFO EPOCH 6 - 16 sec ...
2018-09-21 10:00:17,980 INFO Training Accuracy = 0.982 Validation Accuracy = 0.941
2018-09-21 10:00:17,980 INFO Training Accuracy = 0.982 Validation Accuracy = 0.941
2018-09-21 10:00:17,980 INFO Training Accuracy = 0.982 Validation Accuracy = 0.941
2018-09-21 10:00:17,980 INFO Training Accuracy = 0.982 Validation Accuracy = 0.941
2018-09-21 10:00:20,432 INFO EPOCH 7 - 18 sec ...
2018-09-21 10:00:20,432 INFO EPOCH 7 - 18 sec ...
2018-09-21 10:00:20,432 INFO EPOCH 7 - 18 sec ...
2018-09-21 10:00:20,432 INFO EPOCH 7 - 18 sec ...
2018-09-21 10:00:20,433 INFO Training Accuracy = 0.983 Validation Accuracy = 0.939
2018-09-21 10:00:20,433 INFO Training Accuracy = 0.983 Validation Accuracy = 0.939
2018-09-21 10:00:20,433 INFO Training Accuracy = 0.983 Validation Accuracy = 0.939
2018-09-21 10:00:20,433 INFO Training Accuracy = 0.983 Validation Accuracy = 0.939
2018-09-21 10:00:22,982 INFO EPOCH 8 - 21 sec ...
2018-09-21 10:00:22,982 INFO EPOCH 8 - 21 sec ...
2018-09-21 10:00:22,982 INFO EPOCH 8 - 21 sec ...
2018-09-21 10:00:22,982 INFO EPOCH 8 - 21 sec ...
2018-09-21 10:00:22,983 INFO Training Accuracy = 0.987 Validation Accuracy = 0.941
2018-09-21 10:00:22,983 INFO Training Accuracy = 0.987 Validation Accuracy = 0.941
2018-09-21 10:00:22,983 INFO Training Accuracy = 0.987 Validation Accuracy = 0.941
2018-09-21 10:00:22,983 INFO Training Accuracy = 0.987 Validation Accuracy = 0.941
2018-09-21 10:00:25,422 INFO EPOCH 9 - 23 sec ...
2018-09-21 10:00:25,422 INFO EPOCH 9 - 23 sec ...
2018-09-21 10:00:25,422 INFO EPOCH 9 - 23 sec ...
2018-09-21 10:00:25,422 INFO EPOCH 9 - 23 sec ...
2018-09-21 10:00:25,422 INFO Training Accuracy = 0.989 Validation Accuracy = 0.954
2018-09-21 10:00:25,422 INFO Training Accuracy = 0.989 Validation Accuracy = 0.954
2018-09-21 10:00:25,422 INFO Training Accuracy = 0.989 Validation Accuracy = 0.954
2018-09-21 10:00:25,422 INFO Training Accuracy = 0.989 Validation Accuracy = 0.954
2018-09-21 10:00:27,997 INFO EPOCH 10 - 26 sec ...
2018-09-21 10:00:27,997 INFO EPOCH 10 - 26 sec ...
2018-09-21 10:00:27,997 INFO EPOCH 10 - 26 sec ...
2018-09-21 10:00:27,997 INFO EPOCH 10 - 26 sec ...
2018-09-21 10:00:27,998 INFO Training Accuracy = 0.992 Validation Accuracy = 0.944
2018-09-21 10:00:27,998 INFO Training Accuracy = 0.992 Validation Accuracy = 0.944
2018-09-21 10:00:27,998 INFO Training Accuracy = 0.992 Validation Accuracy = 0.944
2018-09-21 10:00:27,998 INFO Training Accuracy = 0.992 Validation Accuracy = 0.944
2018-09-21 10:00:30,457 INFO EPOCH 11 - 28 sec ...
2018-09-21 10:00:30,457 INFO EPOCH 11 - 28 sec ...
2018-09-21 10:00:30,457 INFO EPOCH 11 - 28 sec ...
2018-09-21 10:00:30,457 INFO EPOCH 11 - 28 sec ...
2018-09-21 10:00:30,457 INFO Training Accuracy = 0.992 Validation Accuracy = 0.948
2018-09-21 10:00:30,457 INFO Training Accuracy = 0.992 Validation Accuracy = 0.948
2018-09-21 10:00:30,457 INFO Training Accuracy = 0.992 Validation Accuracy = 0.948
2018-09-21 10:00:30,457 INFO Training Accuracy = 0.992 Validation Accuracy = 0.948
2018-09-21 10:00:32,916 INFO EPOCH 12 - 31 sec ...
2018-09-21 10:00:32,916 INFO EPOCH 12 - 31 sec ...
2018-09-21 10:00:32,916 INFO EPOCH 12 - 31 sec ...
2018-09-21 10:00:32,916 INFO EPOCH 12 - 31 sec ...
2018-09-21 10:00:32,917 INFO Training Accuracy = 0.993 Validation Accuracy = 0.950
2018-09-21 10:00:32,917 INFO Training Accuracy = 0.993 Validation Accuracy = 0.950
2018-09-21 10:00:32,917 INFO Training Accuracy = 0.993 Validation Accuracy = 0.950
2018-09-21 10:00:32,917 INFO Training Accuracy = 0.993 Validation Accuracy = 0.950
2018-09-21 10:00:35,668 INFO EPOCH 13 - 33 sec ...
2018-09-21 10:00:35,668 INFO EPOCH 13 - 33 sec ...
2018-09-21 10:00:35,668 INFO EPOCH 13 - 33 sec ...
2018-09-21 10:00:35,668 INFO EPOCH 13 - 33 sec ...
2018-09-21 10:00:35,668 INFO Training Accuracy = 0.993 Validation Accuracy = 0.952
2018-09-21 10:00:35,668 INFO Training Accuracy = 0.993 Validation Accuracy = 0.952
2018-09-21 10:00:35,668 INFO Training Accuracy = 0.993 Validation Accuracy = 0.952
2018-09-21 10:00:35,668 INFO Training Accuracy = 0.993 Validation Accuracy = 0.952
2018-09-21 10:00:38,100 INFO EPOCH 14 - 36 sec ...
2018-09-21 10:00:38,100 INFO EPOCH 14 - 36 sec ...
2018-09-21 10:00:38,100 INFO EPOCH 14 - 36 sec ...
2018-09-21 10:00:38,100 INFO EPOCH 14 - 36 sec ...
2018-09-21 10:00:38,100 INFO Training Accuracy = 0.994 Validation Accuracy = 0.954
2018-09-21 10:00:38,100 INFO Training Accuracy = 0.994 Validation Accuracy = 0.954
2018-09-21 10:00:38,100 INFO Training Accuracy = 0.994 Validation Accuracy = 0.954
2018-09-21 10:00:38,100 INFO Training Accuracy = 0.994 Validation Accuracy = 0.954
2018-09-21 10:00:40,584 INFO EPOCH 15 - 38 sec ...
2018-09-21 10:00:40,584 INFO EPOCH 15 - 38 sec ...
2018-09-21 10:00:40,584 INFO EPOCH 15 - 38 sec ...
2018-09-21 10:00:40,584 INFO EPOCH 15 - 38 sec ...
2018-09-21 10:00:40,584 INFO Training Accuracy = 0.994 Validation Accuracy = 0.959
2018-09-21 10:00:40,584 INFO Training Accuracy = 0.994 Validation Accuracy = 0.959
2018-09-21 10:00:40,584 INFO Training Accuracy = 0.994 Validation Accuracy = 0.959
2018-09-21 10:00:40,584 INFO Training Accuracy = 0.994 Validation Accuracy = 0.959
2018-09-21 10:00:43,120 INFO EPOCH 16 - 41 sec ...
2018-09-21 10:00:43,120 INFO EPOCH 16 - 41 sec ...
2018-09-21 10:00:43,120 INFO EPOCH 16 - 41 sec ...
2018-09-21 10:00:43,120 INFO EPOCH 16 - 41 sec ...
2018-09-21 10:00:43,121 INFO Training Accuracy = 0.995 Validation Accuracy = 0.951
2018-09-21 10:00:43,121 INFO Training Accuracy = 0.995 Validation Accuracy = 0.951
2018-09-21 10:00:43,121 INFO Training Accuracy = 0.995 Validation Accuracy = 0.951
2018-09-21 10:00:43,121 INFO Training Accuracy = 0.995 Validation Accuracy = 0.951
2018-09-21 10:00:45,650 INFO EPOCH 17 - 43 sec ...
2018-09-21 10:00:45,650 INFO EPOCH 17 - 43 sec ...
2018-09-21 10:00:45,650 INFO EPOCH 17 - 43 sec ...
2018-09-21 10:00:45,650 INFO EPOCH 17 - 43 sec ...
2018-09-21 10:00:45,669 INFO Training Accuracy = 0.996 Validation Accuracy = 0.963
2018-09-21 10:00:45,669 INFO Training Accuracy = 0.996 Validation Accuracy = 0.963
2018-09-21 10:00:45,669 INFO Training Accuracy = 0.996 Validation Accuracy = 0.963
2018-09-21 10:00:45,669 INFO Training Accuracy = 0.996 Validation Accuracy = 0.963
2018-09-21 10:00:48,156 INFO EPOCH 18 - 46 sec ...
2018-09-21 10:00:48,156 INFO EPOCH 18 - 46 sec ...
2018-09-21 10:00:48,156 INFO EPOCH 18 - 46 sec ...
2018-09-21 10:00:48,156 INFO EPOCH 18 - 46 sec ...
2018-09-21 10:00:48,157 INFO Training Accuracy = 0.997 Validation Accuracy = 0.959
2018-09-21 10:00:48,157 INFO Training Accuracy = 0.997 Validation Accuracy = 0.959
2018-09-21 10:00:48,157 INFO Training Accuracy = 0.997 Validation Accuracy = 0.959
2018-09-21 10:00:48,157 INFO Training Accuracy = 0.997 Validation Accuracy = 0.959
2018-09-21 10:00:50,681 INFO EPOCH 19 - 48 sec ...
2018-09-21 10:00:50,681 INFO EPOCH 19 - 48 sec ...
2018-09-21 10:00:50,681 INFO EPOCH 19 - 48 sec ...
2018-09-21 10:00:50,681 INFO EPOCH 19 - 48 sec ...
2018-09-21 10:00:50,682 INFO Training Accuracy = 0.997 Validation Accuracy = 0.960
2018-09-21 10:00:50,682 INFO Training Accuracy = 0.997 Validation Accuracy = 0.960
2018-09-21 10:00:50,682 INFO Training Accuracy = 0.997 Validation Accuracy = 0.960
2018-09-21 10:00:50,682 INFO Training Accuracy = 0.997 Validation Accuracy = 0.960
2018-09-21 10:00:54,463 INFO EPOCH 20 - 52 sec ...
2018-09-21 10:00:54,463 INFO EPOCH 20 - 52 sec ...
2018-09-21 10:00:54,463 INFO EPOCH 20 - 52 sec ...
2018-09-21 10:00:54,463 INFO EPOCH 20 - 52 sec ...
2018-09-21 10:00:54,464 INFO Training Accuracy = 0.997 Validation Accuracy = 0.961
2018-09-21 10:00:54,464 INFO Training Accuracy = 0.997 Validation Accuracy = 0.961
2018-09-21 10:00:54,464 INFO Training Accuracy = 0.997 Validation Accuracy = 0.961
2018-09-21 10:00:54,464 INFO Training Accuracy = 0.997 Validation Accuracy = 0.961
2018-09-21 10:00:57,274 INFO EPOCH 21 - 55 sec ...
2018-09-21 10:00:57,274 INFO EPOCH 21 - 55 sec ...
2018-09-21 10:00:57,274 INFO EPOCH 21 - 55 sec ...
2018-09-21 10:00:57,274 INFO EPOCH 21 - 55 sec ...
2018-09-21 10:00:57,275 INFO Training Accuracy = 0.997 Validation Accuracy = 0.961
2018-09-21 10:00:57,275 INFO Training Accuracy = 0.997 Validation Accuracy = 0.961
2018-09-21 10:00:57,275 INFO Training Accuracy = 0.997 Validation Accuracy = 0.961
2018-09-21 10:00:57,275 INFO Training Accuracy = 0.997 Validation Accuracy = 0.961
2018-09-21 10:00:59,833 INFO EPOCH 22 - 57 sec ...
2018-09-21 10:00:59,833 INFO EPOCH 22 - 57 sec ...
2018-09-21 10:00:59,833 INFO EPOCH 22 - 57 sec ...
2018-09-21 10:00:59,833 INFO EPOCH 22 - 57 sec ...
2018-09-21 10:00:59,834 INFO Training Accuracy = 0.998 Validation Accuracy = 0.954
2018-09-21 10:00:59,834 INFO Training Accuracy = 0.998 Validation Accuracy = 0.954
2018-09-21 10:00:59,834 INFO Training Accuracy = 0.998 Validation Accuracy = 0.954
2018-09-21 10:00:59,834 INFO Training Accuracy = 0.998 Validation Accuracy = 0.954
2018-09-21 10:01:02,331 INFO EPOCH 23 - 60 sec ...
2018-09-21 10:01:02,331 INFO EPOCH 23 - 60 sec ...
2018-09-21 10:01:02,331 INFO EPOCH 23 - 60 sec ...
2018-09-21 10:01:02,331 INFO EPOCH 23 - 60 sec ...
2018-09-21 10:01:02,332 INFO Training Accuracy = 0.998 Validation Accuracy = 0.965
2018-09-21 10:01:02,332 INFO Training Accuracy = 0.998 Validation Accuracy = 0.965
2018-09-21 10:01:02,332 INFO Training Accuracy = 0.998 Validation Accuracy = 0.965
2018-09-21 10:01:02,332 INFO Training Accuracy = 0.998 Validation Accuracy = 0.965
2018-09-21 10:01:04,890 INFO EPOCH 24 - 63 sec ...
2018-09-21 10:01:04,890 INFO EPOCH 24 - 63 sec ...
2018-09-21 10:01:04,890 INFO EPOCH 24 - 63 sec ...
2018-09-21 10:01:04,890 INFO EPOCH 24 - 63 sec ...
2018-09-21 10:01:04,891 INFO Training Accuracy = 0.998 Validation Accuracy = 0.955
2018-09-21 10:01:04,891 INFO Training Accuracy = 0.998 Validation Accuracy = 0.955
2018-09-21 10:01:04,891 INFO Training Accuracy = 0.998 Validation Accuracy = 0.955
2018-09-21 10:01:04,891 INFO Training Accuracy = 0.998 Validation Accuracy = 0.955
2018-09-21 10:01:07,419 INFO EPOCH 25 - 65 sec ...
2018-09-21 10:01:07,419 INFO EPOCH 25 - 65 sec ...
2018-09-21 10:01:07,419 INFO EPOCH 25 - 65 sec ...
2018-09-21 10:01:07,419 INFO EPOCH 25 - 65 sec ...
2018-09-21 10:01:07,420 INFO Training Accuracy = 0.998 Validation Accuracy = 0.963
2018-09-21 10:01:07,420 INFO Training Accuracy = 0.998 Validation Accuracy = 0.963
2018-09-21 10:01:07,420 INFO Training Accuracy = 0.998 Validation Accuracy = 0.963
2018-09-21 10:01:07,420 INFO Training Accuracy = 0.998 Validation Accuracy = 0.963
2018-09-21 10:01:09,910 INFO EPOCH 26 - 68 sec ...
2018-09-21 10:01:09,910 INFO EPOCH 26 - 68 sec ...
2018-09-21 10:01:09,910 INFO EPOCH 26 - 68 sec ...
2018-09-21 10:01:09,910 INFO EPOCH 26 - 68 sec ...
2018-09-21 10:01:09,911 INFO Training Accuracy = 0.998 Validation Accuracy = 0.966
2018-09-21 10:01:09,911 INFO Training Accuracy = 0.998 Validation Accuracy = 0.966
2018-09-21 10:01:09,911 INFO Training Accuracy = 0.998 Validation Accuracy = 0.966
2018-09-21 10:01:09,911 INFO Training Accuracy = 0.998 Validation Accuracy = 0.966
2018-09-21 10:01:12,387 INFO EPOCH 27 - 70 sec ...
2018-09-21 10:01:12,387 INFO EPOCH 27 - 70 sec ...
2018-09-21 10:01:12,387 INFO EPOCH 27 - 70 sec ...
2018-09-21 10:01:12,387 INFO EPOCH 27 - 70 sec ...
2018-09-21 10:01:12,387 INFO Training Accuracy = 0.998 Validation Accuracy = 0.963
2018-09-21 10:01:12,387 INFO Training Accuracy = 0.998 Validation Accuracy = 0.963
2018-09-21 10:01:12,387 INFO Training Accuracy = 0.998 Validation Accuracy = 0.963
2018-09-21 10:01:12,387 INFO Training Accuracy = 0.998 Validation Accuracy = 0.963
2018-09-21 10:01:15,005 INFO EPOCH 28 - 73 sec ...
2018-09-21 10:01:15,005 INFO EPOCH 28 - 73 sec ...
2018-09-21 10:01:15,005 INFO EPOCH 28 - 73 sec ...
2018-09-21 10:01:15,005 INFO EPOCH 28 - 73 sec ...
2018-09-21 10:01:15,005 INFO Training Accuracy = 0.998 Validation Accuracy = 0.962
2018-09-21 10:01:15,005 INFO Training Accuracy = 0.998 Validation Accuracy = 0.962
2018-09-21 10:01:15,005 INFO Training Accuracy = 0.998 Validation Accuracy = 0.962
2018-09-21 10:01:15,005 INFO Training Accuracy = 0.998 Validation Accuracy = 0.962
2018-09-21 10:01:17,400 INFO EPOCH 29 - 75 sec ...
2018-09-21 10:01:17,400 INFO EPOCH 29 - 75 sec ...
2018-09-21 10:01:17,400 INFO EPOCH 29 - 75 sec ...
2018-09-21 10:01:17,400 INFO EPOCH 29 - 75 sec ...
2018-09-21 10:01:17,400 INFO Training Accuracy = 0.998 Validation Accuracy = 0.965
2018-09-21 10:01:17,400 INFO Training Accuracy = 0.998 Validation Accuracy = 0.965
2018-09-21 10:01:17,400 INFO Training Accuracy = 0.998 Validation Accuracy = 0.965
2018-09-21 10:01:17,400 INFO Training Accuracy = 0.998 Validation Accuracy = 0.965
2018-09-21 10:01:19,908 INFO EPOCH 30 - 78 sec ...
2018-09-21 10:01:19,908 INFO EPOCH 30 - 78 sec ...
2018-09-21 10:01:19,908 INFO EPOCH 30 - 78 sec ...
2018-09-21 10:01:19,908 INFO EPOCH 30 - 78 sec ...
2018-09-21 10:01:19,909 INFO Training Accuracy = 0.999 Validation Accuracy = 0.961
2018-09-21 10:01:19,909 INFO Training Accuracy = 0.999 Validation Accuracy = 0.961
2018-09-21 10:01:19,909 INFO Training Accuracy = 0.999 Validation Accuracy = 0.961
2018-09-21 10:01:19,909 INFO Training Accuracy = 0.999 Validation Accuracy = 0.961
2018-09-21 10:01:20,461 INFO Restoring parameters from ./lenet
2018-09-21 10:01:20,461 INFO Restoring parameters from ./lenet
2018-09-21 10:01:20,461 INFO Restoring parameters from ./lenet
2018-09-21 10:01:20,461 INFO Restoring parameters from ./lenet
2018-09-21 10:13:47,268 INFO Training..., batch_size = 128 , learning rate = 0.001
2018-09-21 10:13:47,268 INFO Training..., batch_size = 128 , learning rate = 0.001
2018-09-21 10:13:47,268 INFO Training..., batch_size = 128 , learning rate = 0.001
2018-09-21 10:13:47,268 INFO Training..., batch_size = 128 , learning rate = 0.001
2018-09-21 10:13:47,268 INFO Training..., batch_size = 128 , learning rate = 0.001
2018-09-21 10:13:50,685 INFO EPOCH 1 - 2 sec ...
2018-09-21 10:13:50,685 INFO EPOCH 1 - 2 sec ...
2018-09-21 10:13:50,685 INFO EPOCH 1 - 2 sec ...
2018-09-21 10:13:50,685 INFO EPOCH 1 - 2 sec ...
2018-09-21 10:13:50,685 INFO EPOCH 1 - 2 sec ...
2018-09-21 10:13:50,686 INFO Training Accuracy = 0.768 Validation Accuracy = 0.693
2018-09-21 10:13:50,686 INFO Training Accuracy = 0.768 Validation Accuracy = 0.693
2018-09-21 10:13:50,686 INFO Training Accuracy = 0.768 Validation Accuracy = 0.693
2018-09-21 10:13:50,686 INFO Training Accuracy = 0.768 Validation Accuracy = 0.693
2018-09-21 10:13:50,686 INFO Training Accuracy = 0.768 Validation Accuracy = 0.693
2018-09-21 10:13:53,222 INFO EPOCH 2 - 5 sec ...
2018-09-21 10:13:53,222 INFO EPOCH 2 - 5 sec ...
2018-09-21 10:13:53,222 INFO EPOCH 2 - 5 sec ...
2018-09-21 10:13:53,222 INFO EPOCH 2 - 5 sec ...
2018-09-21 10:13:53,222 INFO EPOCH 2 - 5 sec ...
2018-09-21 10:13:53,222 INFO Training Accuracy = 0.910 Validation Accuracy = 0.834
2018-09-21 10:13:53,222 INFO Training Accuracy = 0.910 Validation Accuracy = 0.834
2018-09-21 10:13:53,222 INFO Training Accuracy = 0.910 Validation Accuracy = 0.834
2018-09-21 10:13:53,222 INFO Training Accuracy = 0.910 Validation Accuracy = 0.834
2018-09-21 10:13:53,222 INFO Training Accuracy = 0.910 Validation Accuracy = 0.834
2018-09-21 10:13:55,673 INFO EPOCH 3 - 7 sec ...
2018-09-21 10:13:55,673 INFO EPOCH 3 - 7 sec ...
2018-09-21 10:13:55,673 INFO EPOCH 3 - 7 sec ...
2018-09-21 10:13:55,673 INFO EPOCH 3 - 7 sec ...
2018-09-21 10:13:55,673 INFO EPOCH 3 - 7 sec ...
2018-09-21 10:13:55,674 INFO Training Accuracy = 0.954 Validation Accuracy = 0.900
2018-09-21 10:13:55,674 INFO Training Accuracy = 0.954 Validation Accuracy = 0.900
2018-09-21 10:13:55,674 INFO Training Accuracy = 0.954 Validation Accuracy = 0.900
2018-09-21 10:13:55,674 INFO Training Accuracy = 0.954 Validation Accuracy = 0.900
2018-09-21 10:13:55,674 INFO Training Accuracy = 0.954 Validation Accuracy = 0.900
2018-09-21 10:13:58,142 INFO EPOCH 4 - 10 sec ...
2018-09-21 10:13:58,142 INFO EPOCH 4 - 10 sec ...
2018-09-21 10:13:58,142 INFO EPOCH 4 - 10 sec ...
2018-09-21 10:13:58,142 INFO EPOCH 4 - 10 sec ...
2018-09-21 10:13:58,142 INFO EPOCH 4 - 10 sec ...
2018-09-21 10:13:58,143 INFO Training Accuracy = 0.969 Validation Accuracy = 0.905
2018-09-21 10:13:58,143 INFO Training Accuracy = 0.969 Validation Accuracy = 0.905
2018-09-21 10:13:58,143 INFO Training Accuracy = 0.969 Validation Accuracy = 0.905
2018-09-21 10:13:58,143 INFO Training Accuracy = 0.969 Validation Accuracy = 0.905
2018-09-21 10:13:58,143 INFO Training Accuracy = 0.969 Validation Accuracy = 0.905
2018-09-21 10:14:00,457 INFO EPOCH 5 - 12 sec ...
2018-09-21 10:14:00,457 INFO EPOCH 5 - 12 sec ...
2018-09-21 10:14:00,457 INFO EPOCH 5 - 12 sec ...
2018-09-21 10:14:00,457 INFO EPOCH 5 - 12 sec ...
2018-09-21 10:14:00,457 INFO EPOCH 5 - 12 sec ...
2018-09-21 10:14:00,457 INFO Training Accuracy = 0.978 Validation Accuracy = 0.919
2018-09-21 10:14:00,457 INFO Training Accuracy = 0.978 Validation Accuracy = 0.919
2018-09-21 10:14:00,457 INFO Training Accuracy = 0.978 Validation Accuracy = 0.919
2018-09-21 10:14:00,457 INFO Training Accuracy = 0.978 Validation Accuracy = 0.919
2018-09-21 10:14:00,457 INFO Training Accuracy = 0.978 Validation Accuracy = 0.919
2018-09-21 10:14:02,775 INFO EPOCH 6 - 14 sec ...
2018-09-21 10:14:02,775 INFO EPOCH 6 - 14 sec ...
2018-09-21 10:14:02,775 INFO EPOCH 6 - 14 sec ...
2018-09-21 10:14:02,775 INFO EPOCH 6 - 14 sec ...
2018-09-21 10:14:02,775 INFO EPOCH 6 - 14 sec ...
2018-09-21 10:14:02,776 INFO Training Accuracy = 0.983 Validation Accuracy = 0.929
2018-09-21 10:14:02,776 INFO Training Accuracy = 0.983 Validation Accuracy = 0.929
2018-09-21 10:14:02,776 INFO Training Accuracy = 0.983 Validation Accuracy = 0.929
2018-09-21 10:14:02,776 INFO Training Accuracy = 0.983 Validation Accuracy = 0.929
2018-09-21 10:14:02,776 INFO Training Accuracy = 0.983 Validation Accuracy = 0.929
2018-09-21 10:14:05,174 INFO EPOCH 7 - 17 sec ...
2018-09-21 10:14:05,174 INFO EPOCH 7 - 17 sec ...
2018-09-21 10:14:05,174 INFO EPOCH 7 - 17 sec ...
2018-09-21 10:14:05,174 INFO EPOCH 7 - 17 sec ...
2018-09-21 10:14:05,174 INFO EPOCH 7 - 17 sec ...
2018-09-21 10:14:05,175 INFO Training Accuracy = 0.985 Validation Accuracy = 0.928
2018-09-21 10:14:05,175 INFO Training Accuracy = 0.985 Validation Accuracy = 0.928
2018-09-21 10:14:05,175 INFO Training Accuracy = 0.985 Validation Accuracy = 0.928
2018-09-21 10:14:05,175 INFO Training Accuracy = 0.985 Validation Accuracy = 0.928
2018-09-21 10:14:05,175 INFO Training Accuracy = 0.985 Validation Accuracy = 0.928
2018-09-21 10:14:07,532 INFO EPOCH 8 - 19 sec ...
2018-09-21 10:14:07,532 INFO EPOCH 8 - 19 sec ...
2018-09-21 10:14:07,532 INFO EPOCH 8 - 19 sec ...
2018-09-21 10:14:07,532 INFO EPOCH 8 - 19 sec ...
2018-09-21 10:14:07,532 INFO EPOCH 8 - 19 sec ...
2018-09-21 10:14:07,532 INFO Training Accuracy = 0.987 Validation Accuracy = 0.932
2018-09-21 10:14:07,532 INFO Training Accuracy = 0.987 Validation Accuracy = 0.932
2018-09-21 10:14:07,532 INFO Training Accuracy = 0.987 Validation Accuracy = 0.932
2018-09-21 10:14:07,532 INFO Training Accuracy = 0.987 Validation Accuracy = 0.932
2018-09-21 10:14:07,532 INFO Training Accuracy = 0.987 Validation Accuracy = 0.932
2018-09-21 10:14:09,810 INFO EPOCH 9 - 21 sec ...
2018-09-21 10:14:09,810 INFO EPOCH 9 - 21 sec ...
2018-09-21 10:14:09,810 INFO EPOCH 9 - 21 sec ...
2018-09-21 10:14:09,810 INFO EPOCH 9 - 21 sec ...
2018-09-21 10:14:09,810 INFO EPOCH 9 - 21 sec ...
2018-09-21 10:14:09,973 INFO Training Accuracy = 0.990 Validation Accuracy = 0.938
2018-09-21 10:14:09,973 INFO Training Accuracy = 0.990 Validation Accuracy = 0.938
2018-09-21 10:14:09,973 INFO Training Accuracy = 0.990 Validation Accuracy = 0.938
2018-09-21 10:14:09,973 INFO Training Accuracy = 0.990 Validation Accuracy = 0.938
2018-09-21 10:14:09,973 INFO Training Accuracy = 0.990 Validation Accuracy = 0.938
2018-09-21 10:14:12,394 INFO EPOCH 10 - 24 sec ...
2018-09-21 10:14:12,394 INFO EPOCH 10 - 24 sec ...
2018-09-21 10:14:12,394 INFO EPOCH 10 - 24 sec ...
2018-09-21 10:14:12,394 INFO EPOCH 10 - 24 sec ...
2018-09-21 10:14:12,394 INFO EPOCH 10 - 24 sec ...
2018-09-21 10:14:12,395 INFO Training Accuracy = 0.991 Validation Accuracy = 0.943
2018-09-21 10:14:12,395 INFO Training Accuracy = 0.991 Validation Accuracy = 0.943
2018-09-21 10:14:12,395 INFO Training Accuracy = 0.991 Validation Accuracy = 0.943
2018-09-21 10:14:12,395 INFO Training Accuracy = 0.991 Validation Accuracy = 0.943
2018-09-21 10:14:12,395 INFO Training Accuracy = 0.991 Validation Accuracy = 0.943
2018-09-21 10:14:15,017 INFO EPOCH 11 - 27 sec ...
2018-09-21 10:14:15,017 INFO EPOCH 11 - 27 sec ...
2018-09-21 10:14:15,017 INFO EPOCH 11 - 27 sec ...
2018-09-21 10:14:15,017 INFO EPOCH 11 - 27 sec ...
2018-09-21 10:14:15,017 INFO EPOCH 11 - 27 sec ...
2018-09-21 10:14:15,018 INFO Training Accuracy = 0.992 Validation Accuracy = 0.943
2018-09-21 10:14:15,018 INFO Training Accuracy = 0.992 Validation Accuracy = 0.943
2018-09-21 10:14:15,018 INFO Training Accuracy = 0.992 Validation Accuracy = 0.943
2018-09-21 10:14:15,018 INFO Training Accuracy = 0.992 Validation Accuracy = 0.943
2018-09-21 10:14:15,018 INFO Training Accuracy = 0.992 Validation Accuracy = 0.943
2018-09-21 10:14:17,396 INFO EPOCH 12 - 29 sec ...
2018-09-21 10:14:17,396 INFO EPOCH 12 - 29 sec ...
2018-09-21 10:14:17,396 INFO EPOCH 12 - 29 sec ...
2018-09-21 10:14:17,396 INFO EPOCH 12 - 29 sec ...
2018-09-21 10:14:17,396 INFO EPOCH 12 - 29 sec ...
2018-09-21 10:14:17,397 INFO Training Accuracy = 0.993 Validation Accuracy = 0.943
2018-09-21 10:14:17,397 INFO Training Accuracy = 0.993 Validation Accuracy = 0.943
2018-09-21 10:14:17,397 INFO Training Accuracy = 0.993 Validation Accuracy = 0.943
2018-09-21 10:14:17,397 INFO Training Accuracy = 0.993 Validation Accuracy = 0.943
2018-09-21 10:14:17,397 INFO Training Accuracy = 0.993 Validation Accuracy = 0.943
2018-09-21 10:14:19,892 INFO EPOCH 13 - 32 sec ...
2018-09-21 10:14:19,892 INFO EPOCH 13 - 32 sec ...
2018-09-21 10:14:19,892 INFO EPOCH 13 - 32 sec ...
2018-09-21 10:14:19,892 INFO EPOCH 13 - 32 sec ...
2018-09-21 10:14:19,892 INFO EPOCH 13 - 32 sec ...
2018-09-21 10:14:19,892 INFO Training Accuracy = 0.995 Validation Accuracy = 0.941
2018-09-21 10:14:19,892 INFO Training Accuracy = 0.995 Validation Accuracy = 0.941
2018-09-21 10:14:19,892 INFO Training Accuracy = 0.995 Validation Accuracy = 0.941
2018-09-21 10:14:19,892 INFO Training Accuracy = 0.995 Validation Accuracy = 0.941
2018-09-21 10:14:19,892 INFO Training Accuracy = 0.995 Validation Accuracy = 0.941
2018-09-21 10:14:22,284 INFO EPOCH 14 - 34 sec ...
2018-09-21 10:14:22,284 INFO EPOCH 14 - 34 sec ...
2018-09-21 10:14:22,284 INFO EPOCH 14 - 34 sec ...
2018-09-21 10:14:22,284 INFO EPOCH 14 - 34 sec ...
2018-09-21 10:14:22,284 INFO EPOCH 14 - 34 sec ...
2018-09-21 10:14:22,284 INFO Training Accuracy = 0.996 Validation Accuracy = 0.950
2018-09-21 10:14:22,284 INFO Training Accuracy = 0.996 Validation Accuracy = 0.950
2018-09-21 10:14:22,284 INFO Training Accuracy = 0.996 Validation Accuracy = 0.950
2018-09-21 10:14:22,284 INFO Training Accuracy = 0.996 Validation Accuracy = 0.950
2018-09-21 10:14:22,284 INFO Training Accuracy = 0.996 Validation Accuracy = 0.950
2018-09-21 10:14:24,742 INFO EPOCH 15 - 36 sec ...
2018-09-21 10:14:24,742 INFO EPOCH 15 - 36 sec ...
2018-09-21 10:14:24,742 INFO EPOCH 15 - 36 sec ...
2018-09-21 10:14:24,742 INFO EPOCH 15 - 36 sec ...
2018-09-21 10:14:24,742 INFO EPOCH 15 - 36 sec ...
2018-09-21 10:14:24,743 INFO Training Accuracy = 0.996 Validation Accuracy = 0.946
2018-09-21 10:14:24,743 INFO Training Accuracy = 0.996 Validation Accuracy = 0.946
2018-09-21 10:14:24,743 INFO Training Accuracy = 0.996 Validation Accuracy = 0.946
2018-09-21 10:14:24,743 INFO Training Accuracy = 0.996 Validation Accuracy = 0.946
2018-09-21 10:14:24,743 INFO Training Accuracy = 0.996 Validation Accuracy = 0.946
2018-09-21 10:14:25,426 INFO Restoring parameters from ./lenet
2018-09-21 10:14:25,426 INFO Restoring parameters from ./lenet
2018-09-21 10:14:25,426 INFO Restoring parameters from ./lenet
2018-09-21 10:14:25,426 INFO Restoring parameters from ./lenet
2018-09-21 10:14:25,426 INFO Restoring parameters from ./lenet
2018-09-21 10:16:44,531 INFO Training..., batch_size = 128 , learning rate = 0.001
2018-09-21 10:16:47,887 INFO EPOCH 1 - 3 sec ...
2018-09-21 10:16:47,887 INFO Training Accuracy = 0.781 Validation Accuracy = 0.723
2018-09-21 10:16:50,284 INFO EPOCH 2 - 5 sec ...
2018-09-21 10:16:50,284 INFO Training Accuracy = 0.919 Validation Accuracy = 0.847
2018-09-21 10:16:53,102 INFO EPOCH 3 - 8 sec ...
2018-09-21 10:16:53,102 INFO Training Accuracy = 0.956 Validation Accuracy = 0.896
2018-09-21 10:16:55,627 INFO EPOCH 4 - 10 sec ...
2018-09-21 10:16:55,628 INFO Training Accuracy = 0.967 Validation Accuracy = 0.924
2018-09-21 10:16:58,170 INFO EPOCH 5 - 13 sec ...
2018-09-21 10:16:58,170 INFO Training Accuracy = 0.979 Validation Accuracy = 0.926
2018-09-21 10:17:00,669 INFO EPOCH 6 - 15 sec ...
2018-09-21 10:17:00,669 INFO Training Accuracy = 0.983 Validation Accuracy = 0.933
2018-09-21 10:17:03,224 INFO EPOCH 7 - 18 sec ...
2018-09-21 10:17:03,225 INFO Training Accuracy = 0.986 Validation Accuracy = 0.941
2018-09-21 10:17:05,546 INFO EPOCH 8 - 20 sec ...
2018-09-21 10:17:05,546 INFO Training Accuracy = 0.990 Validation Accuracy = 0.942
2018-09-21 10:17:07,918 INFO EPOCH 9 - 23 sec ...
2018-09-21 10:17:07,919 INFO Training Accuracy = 0.992 Validation Accuracy = 0.947
2018-09-21 10:17:10,838 INFO EPOCH 10 - 26 sec ...
2018-09-21 10:17:10,838 INFO Training Accuracy = 0.993 Validation Accuracy = 0.952
2018-09-21 10:17:13,317 INFO EPOCH 11 - 28 sec ...
2018-09-21 10:17:13,317 INFO Training Accuracy = 0.994 Validation Accuracy = 0.952
2018-09-21 10:17:15,676 INFO EPOCH 12 - 30 sec ...
2018-09-21 10:17:15,676 INFO Training Accuracy = 0.994 Validation Accuracy = 0.954
2018-09-21 10:17:18,129 INFO EPOCH 13 - 33 sec ...
2018-09-21 10:17:18,129 INFO Training Accuracy = 0.994 Validation Accuracy = 0.949
2018-09-21 10:17:20,475 INFO EPOCH 14 - 35 sec ...
2018-09-21 10:17:20,475 INFO Training Accuracy = 0.995 Validation Accuracy = 0.945
2018-09-21 10:17:22,858 INFO EPOCH 15 - 38 sec ...
2018-09-21 10:17:22,858 INFO Training Accuracy = 0.997 Validation Accuracy = 0.954
2018-09-21 10:17:22,904 INFO Restoring parameters from ./lenet
2018-09-21 10:18:28,314 INFO Training..., batch_size = 128 , learning rate = 0.001
2018-09-21 10:18:28,314 INFO Training..., batch_size = 128 , learning rate = 0.001
2018-09-21 10:18:31,060 INFO EPOCH 1 - 2 sec ...
2018-09-21 10:18:31,060 INFO EPOCH 1 - 2 sec ...
2018-09-21 10:18:31,060 INFO Training Accuracy = 0.803 Validation Accuracy = 0.761
2018-09-21 10:18:31,060 INFO Training Accuracy = 0.803 Validation Accuracy = 0.761
2018-09-21 10:18:33,577 INFO EPOCH 2 - 5 sec ...
2018-09-21 10:18:33,577 INFO EPOCH 2 - 5 sec ...
2018-09-21 10:18:33,577 INFO Training Accuracy = 0.929 Validation Accuracy = 0.872
2018-09-21 10:18:33,577 INFO Training Accuracy = 0.929 Validation Accuracy = 0.872
2018-09-21 10:18:36,195 INFO EPOCH 3 - 7 sec ...
2018-09-21 10:18:36,195 INFO EPOCH 3 - 7 sec ...
2018-09-21 10:18:36,195 INFO Training Accuracy = 0.953 Validation Accuracy = 0.907
2018-09-21 10:18:36,195 INFO Training Accuracy = 0.953 Validation Accuracy = 0.907
2018-09-21 10:18:38,666 INFO EPOCH 4 - 10 sec ...
2018-09-21 10:18:38,666 INFO EPOCH 4 - 10 sec ...
2018-09-21 10:18:38,666 INFO Training Accuracy = 0.970 Validation Accuracy = 0.925
2018-09-21 10:18:38,666 INFO Training Accuracy = 0.970 Validation Accuracy = 0.925
2018-09-21 10:18:41,183 INFO EPOCH 5 - 12 sec ...
2018-09-21 10:18:41,183 INFO EPOCH 5 - 12 sec ...
2018-09-21 10:18:41,183 INFO Training Accuracy = 0.979 Validation Accuracy = 0.946
2018-09-21 10:18:41,183 INFO Training Accuracy = 0.979 Validation Accuracy = 0.946
2018-09-21 10:18:45,058 INFO EPOCH 6 - 16 sec ...
2018-09-21 10:18:45,058 INFO EPOCH 6 - 16 sec ...
2018-09-21 10:18:45,059 INFO Training Accuracy = 0.983 Validation Accuracy = 0.933
2018-09-21 10:18:45,059 INFO Training Accuracy = 0.983 Validation Accuracy = 0.933
2018-09-21 10:18:47,535 INFO EPOCH 7 - 19 sec ...
2018-09-21 10:18:47,535 INFO EPOCH 7 - 19 sec ...
2018-09-21 10:18:47,536 INFO Training Accuracy = 0.987 Validation Accuracy = 0.937
2018-09-21 10:18:47,536 INFO Training Accuracy = 0.987 Validation Accuracy = 0.937
2018-09-21 10:18:50,042 INFO EPOCH 8 - 21 sec ...
2018-09-21 10:18:50,042 INFO EPOCH 8 - 21 sec ...
2018-09-21 10:18:50,042 INFO Training Accuracy = 0.991 Validation Accuracy = 0.949
2018-09-21 10:18:50,042 INFO Training Accuracy = 0.991 Validation Accuracy = 0.949
2018-09-21 10:18:52,542 INFO EPOCH 9 - 24 sec ...
2018-09-21 10:18:52,542 INFO EPOCH 9 - 24 sec ...
2018-09-21 10:18:52,542 INFO Training Accuracy = 0.993 Validation Accuracy = 0.943
2018-09-21 10:18:52,542 INFO Training Accuracy = 0.993 Validation Accuracy = 0.943
2018-09-21 10:18:55,164 INFO EPOCH 10 - 26 sec ...
2018-09-21 10:18:55,164 INFO EPOCH 10 - 26 sec ...
2018-09-21 10:18:55,164 INFO Training Accuracy = 0.992 Validation Accuracy = 0.944
2018-09-21 10:18:55,164 INFO Training Accuracy = 0.992 Validation Accuracy = 0.944
2018-09-21 10:18:57,688 INFO EPOCH 11 - 29 sec ...
2018-09-21 10:18:57,688 INFO EPOCH 11 - 29 sec ...
2018-09-21 10:18:57,688 INFO Training Accuracy = 0.994 Validation Accuracy = 0.952
2018-09-21 10:18:57,688 INFO Training Accuracy = 0.994 Validation Accuracy = 0.952
2018-09-21 10:19:00,322 INFO EPOCH 12 - 31 sec ...
2018-09-21 10:19:00,322 INFO EPOCH 12 - 31 sec ...
2018-09-21 10:19:00,322 INFO Training Accuracy = 0.994 Validation Accuracy = 0.949
2018-09-21 10:19:00,322 INFO Training Accuracy = 0.994 Validation Accuracy = 0.949
2018-09-21 10:19:02,814 INFO EPOCH 13 - 34 sec ...
2018-09-21 10:19:02,814 INFO EPOCH 13 - 34 sec ...
2018-09-21 10:19:02,814 INFO Training Accuracy = 0.995 Validation Accuracy = 0.950
2018-09-21 10:19:02,814 INFO Training Accuracy = 0.995 Validation Accuracy = 0.950
2018-09-21 10:19:05,430 INFO EPOCH 14 - 36 sec ...
2018-09-21 10:19:05,430 INFO EPOCH 14 - 36 sec ...
2018-09-21 10:19:05,430 INFO Training Accuracy = 0.996 Validation Accuracy = 0.951
2018-09-21 10:19:05,430 INFO Training Accuracy = 0.996 Validation Accuracy = 0.951
2018-09-21 10:19:07,960 INFO EPOCH 15 - 39 sec ...
2018-09-21 10:19:07,960 INFO EPOCH 15 - 39 sec ...
2018-09-21 10:19:07,960 INFO Training Accuracy = 0.995 Validation Accuracy = 0.953
2018-09-21 10:19:07,960 INFO Training Accuracy = 0.995 Validation Accuracy = 0.953
2018-09-21 10:19:08,045 INFO Restoring parameters from ./lenet
2018-09-21 10:19:08,045 INFO Restoring parameters from ./lenet
2018-09-21 10:21:10,893 INFO Training..., batch_size = 128 , learning rate = 0.001
2018-09-21 10:21:10,893 INFO Training..., batch_size = 128 , learning rate = 0.001
2018-09-21 10:21:10,893 INFO Training..., batch_size = 128 , learning rate = 0.001
2018-09-21 10:21:13,716 INFO EPOCH 1 - 2 sec ...
2018-09-21 10:21:13,716 INFO EPOCH 1 - 2 sec ...
2018-09-21 10:21:13,716 INFO EPOCH 1 - 2 sec ...
2018-09-21 10:21:13,716 INFO Training Accuracy = 0.811 Validation Accuracy = 0.747
2018-09-21 10:21:13,716 INFO Training Accuracy = 0.811 Validation Accuracy = 0.747
2018-09-21 10:21:13,716 INFO Training Accuracy = 0.811 Validation Accuracy = 0.747
2018-09-21 10:21:16,216 INFO EPOCH 2 - 5 sec ...
2018-09-21 10:21:16,216 INFO EPOCH 2 - 5 sec ...
2018-09-21 10:21:16,216 INFO EPOCH 2 - 5 sec ...
2018-09-21 10:21:16,229 INFO Training Accuracy = 0.919 Validation Accuracy = 0.858
2018-09-21 10:21:16,229 INFO Training Accuracy = 0.919 Validation Accuracy = 0.858
2018-09-21 10:21:16,229 INFO Training Accuracy = 0.919 Validation Accuracy = 0.858
2018-09-21 10:21:18,756 INFO EPOCH 3 - 7 sec ...
2018-09-21 10:21:18,756 INFO EPOCH 3 - 7 sec ...
2018-09-21 10:21:18,756 INFO EPOCH 3 - 7 sec ...
2018-09-21 10:21:18,757 INFO Training Accuracy = 0.957 Validation Accuracy = 0.895
2018-09-21 10:21:18,757 INFO Training Accuracy = 0.957 Validation Accuracy = 0.895
2018-09-21 10:21:18,757 INFO Training Accuracy = 0.957 Validation Accuracy = 0.895
2018-09-21 10:21:21,417 INFO EPOCH 4 - 10 sec ...
2018-09-21 10:21:21,417 INFO EPOCH 4 - 10 sec ...
2018-09-21 10:21:21,417 INFO EPOCH 4 - 10 sec ...
2018-09-21 10:21:21,418 INFO Training Accuracy = 0.965 Validation Accuracy = 0.896
2018-09-21 10:21:21,418 INFO Training Accuracy = 0.965 Validation Accuracy = 0.896
2018-09-21 10:21:21,418 INFO Training Accuracy = 0.965 Validation Accuracy = 0.896
2018-09-21 10:21:23,972 INFO EPOCH 5 - 12 sec ...
2018-09-21 10:21:23,972 INFO EPOCH 5 - 12 sec ...
2018-09-21 10:21:23,972 INFO EPOCH 5 - 12 sec ...
2018-09-21 10:21:23,973 INFO Training Accuracy = 0.980 Validation Accuracy = 0.920
2018-09-21 10:21:23,973 INFO Training Accuracy = 0.980 Validation Accuracy = 0.920
2018-09-21 10:21:23,973 INFO Training Accuracy = 0.980 Validation Accuracy = 0.920
2018-09-21 10:21:26,564 INFO EPOCH 6 - 15 sec ...
2018-09-21 10:21:26,564 INFO EPOCH 6 - 15 sec ...
2018-09-21 10:21:26,564 INFO EPOCH 6 - 15 sec ...
2018-09-21 10:21:26,564 INFO Training Accuracy = 0.983 Validation Accuracy = 0.922
2018-09-21 10:21:26,564 INFO Training Accuracy = 0.983 Validation Accuracy = 0.922
2018-09-21 10:21:26,564 INFO Training Accuracy = 0.983 Validation Accuracy = 0.922
2018-09-21 10:21:29,205 INFO EPOCH 7 - 18 sec ...
2018-09-21 10:21:29,205 INFO EPOCH 7 - 18 sec ...
2018-09-21 10:21:29,205 INFO EPOCH 7 - 18 sec ...
2018-09-21 10:21:29,205 INFO Training Accuracy = 0.986 Validation Accuracy = 0.932
2018-09-21 10:21:29,205 INFO Training Accuracy = 0.986 Validation Accuracy = 0.932
2018-09-21 10:21:29,205 INFO Training Accuracy = 0.986 Validation Accuracy = 0.932
2018-09-21 10:21:31,658 INFO EPOCH 8 - 20 sec ...
2018-09-21 10:21:31,658 INFO EPOCH 8 - 20 sec ...
2018-09-21 10:21:31,658 INFO EPOCH 8 - 20 sec ...
2018-09-21 10:21:31,659 INFO Training Accuracy = 0.989 Validation Accuracy = 0.942
2018-09-21 10:21:31,659 INFO Training Accuracy = 0.989 Validation Accuracy = 0.942
2018-09-21 10:21:31,659 INFO Training Accuracy = 0.989 Validation Accuracy = 0.942
2018-09-21 10:21:34,175 INFO EPOCH 9 - 22 sec ...
2018-09-21 10:21:34,175 INFO EPOCH 9 - 22 sec ...
2018-09-21 10:21:34,175 INFO EPOCH 9 - 22 sec ...
2018-09-21 10:21:34,176 INFO Training Accuracy = 0.992 Validation Accuracy = 0.941
2018-09-21 10:21:34,176 INFO Training Accuracy = 0.992 Validation Accuracy = 0.941
2018-09-21 10:21:34,176 INFO Training Accuracy = 0.992 Validation Accuracy = 0.941
2018-09-21 10:21:36,670 INFO EPOCH 10 - 25 sec ...
2018-09-21 10:21:36,670 INFO EPOCH 10 - 25 sec ...
2018-09-21 10:21:36,670 INFO EPOCH 10 - 25 sec ...
2018-09-21 10:21:36,689 INFO Training Accuracy = 0.992 Validation Accuracy = 0.935
2018-09-21 10:21:36,689 INFO Training Accuracy = 0.992 Validation Accuracy = 0.935
2018-09-21 10:21:36,689 INFO Training Accuracy = 0.992 Validation Accuracy = 0.935
2018-09-21 10:21:39,219 INFO EPOCH 11 - 28 sec ...
2018-09-21 10:21:39,219 INFO EPOCH 11 - 28 sec ...
2018-09-21 10:21:39,219 INFO EPOCH 11 - 28 sec ...
2018-09-21 10:21:39,219 INFO Training Accuracy = 0.994 Validation Accuracy = 0.942
2018-09-21 10:21:39,219 INFO Training Accuracy = 0.994 Validation Accuracy = 0.942
2018-09-21 10:21:39,219 INFO Training Accuracy = 0.994 Validation Accuracy = 0.942
2018-09-21 10:21:41,863 INFO EPOCH 12 - 30 sec ...
2018-09-21 10:21:41,863 INFO EPOCH 12 - 30 sec ...
2018-09-21 10:21:41,863 INFO EPOCH 12 - 30 sec ...
2018-09-21 10:21:41,863 INFO Training Accuracy = 0.994 Validation Accuracy = 0.943
2018-09-21 10:21:41,863 INFO Training Accuracy = 0.994 Validation Accuracy = 0.943
2018-09-21 10:21:41,863 INFO Training Accuracy = 0.994 Validation Accuracy = 0.943
2018-09-21 10:21:44,308 INFO EPOCH 13 - 33 sec ...
2018-09-21 10:21:44,308 INFO EPOCH 13 - 33 sec ...
2018-09-21 10:21:44,308 INFO EPOCH 13 - 33 sec ...
2018-09-21 10:21:44,309 INFO Training Accuracy = 0.995 Validation Accuracy = 0.950
2018-09-21 10:21:44,309 INFO Training Accuracy = 0.995 Validation Accuracy = 0.950
2018-09-21 10:21:44,309 INFO Training Accuracy = 0.995 Validation Accuracy = 0.950
2018-09-21 10:21:46,833 INFO EPOCH 14 - 35 sec ...
2018-09-21 10:21:46,833 INFO EPOCH 14 - 35 sec ...
2018-09-21 10:21:46,833 INFO EPOCH 14 - 35 sec ...
2018-09-21 10:21:46,833 INFO Training Accuracy = 0.996 Validation Accuracy = 0.949
2018-09-21 10:21:46,833 INFO Training Accuracy = 0.996 Validation Accuracy = 0.949
2018-09-21 10:21:46,833 INFO Training Accuracy = 0.996 Validation Accuracy = 0.949
2018-09-21 10:21:49,349 INFO EPOCH 15 - 38 sec ...
2018-09-21 10:21:49,349 INFO EPOCH 15 - 38 sec ...
2018-09-21 10:21:49,349 INFO EPOCH 15 - 38 sec ...
2018-09-21 10:21:49,350 INFO Training Accuracy = 0.996 Validation Accuracy = 0.946
2018-09-21 10:21:49,350 INFO Training Accuracy = 0.996 Validation Accuracy = 0.946
2018-09-21 10:21:49,350 INFO Training Accuracy = 0.996 Validation Accuracy = 0.946
2018-09-21 10:21:49,469 INFO Restoring parameters from ./lenet
2018-09-21 10:21:49,469 INFO Restoring parameters from ./lenet
2018-09-21 10:21:49,469 INFO Restoring parameters from ./lenet
2018-09-21 10:23:11,065 INFO Training..., batch_size = 128 , learning rate = 0.001
2018-09-21 10:23:11,065 INFO Training..., batch_size = 128 , learning rate = 0.001
2018-09-21 10:23:11,065 INFO Training..., batch_size = 128 , learning rate = 0.001
2018-09-21 10:23:11,065 INFO Training..., batch_size = 128 , learning rate = 0.001
2018-09-21 10:23:14,316 INFO EPOCH 1 - 2 sec ...
2018-09-21 10:23:14,316 INFO EPOCH 1 - 2 sec ...
2018-09-21 10:23:14,316 INFO EPOCH 1 - 2 sec ...
2018-09-21 10:23:14,316 INFO EPOCH 1 - 2 sec ...
2018-09-21 10:23:14,317 INFO Training Accuracy = 0.829 Validation Accuracy = 0.765
2018-09-21 10:23:14,317 INFO Training Accuracy = 0.829 Validation Accuracy = 0.765
2018-09-21 10:23:14,317 INFO Training Accuracy = 0.829 Validation Accuracy = 0.765
2018-09-21 10:23:14,317 INFO Training Accuracy = 0.829 Validation Accuracy = 0.765
2018-09-21 10:23:16,812 INFO EPOCH 2 - 5 sec ...
2018-09-21 10:23:16,812 INFO EPOCH 2 - 5 sec ...
2018-09-21 10:23:16,812 INFO EPOCH 2 - 5 sec ...
2018-09-21 10:23:16,812 INFO EPOCH 2 - 5 sec ...
2018-09-21 10:23:16,813 INFO Training Accuracy = 0.925 Validation Accuracy = 0.853
2018-09-21 10:23:16,813 INFO Training Accuracy = 0.925 Validation Accuracy = 0.853
2018-09-21 10:23:16,813 INFO Training Accuracy = 0.925 Validation Accuracy = 0.853
2018-09-21 10:23:16,813 INFO Training Accuracy = 0.925 Validation Accuracy = 0.853
2018-09-21 10:23:19,350 INFO EPOCH 3 - 7 sec ...
2018-09-21 10:23:19,350 INFO EPOCH 3 - 7 sec ...
2018-09-21 10:23:19,350 INFO EPOCH 3 - 7 sec ...
2018-09-21 10:23:19,350 INFO EPOCH 3 - 7 sec ...
2018-09-21 10:23:19,351 INFO Training Accuracy = 0.955 Validation Accuracy = 0.896
2018-09-21 10:23:19,351 INFO Training Accuracy = 0.955 Validation Accuracy = 0.896
2018-09-21 10:23:19,351 INFO Training Accuracy = 0.955 Validation Accuracy = 0.896
2018-09-21 10:23:19,351 INFO Training Accuracy = 0.955 Validation Accuracy = 0.896
2018-09-21 10:23:21,831 INFO EPOCH 4 - 10 sec ...
2018-09-21 10:23:21,831 INFO EPOCH 4 - 10 sec ...
2018-09-21 10:23:21,831 INFO EPOCH 4 - 10 sec ...
2018-09-21 10:23:21,831 INFO EPOCH 4 - 10 sec ...
2018-09-21 10:23:21,831 INFO Training Accuracy = 0.968 Validation Accuracy = 0.919
2018-09-21 10:23:21,831 INFO Training Accuracy = 0.968 Validation Accuracy = 0.919
2018-09-21 10:23:21,831 INFO Training Accuracy = 0.968 Validation Accuracy = 0.919
2018-09-21 10:23:21,831 INFO Training Accuracy = 0.968 Validation Accuracy = 0.919
2018-09-21 10:23:24,311 INFO EPOCH 5 - 12 sec ...
2018-09-21 10:23:24,311 INFO EPOCH 5 - 12 sec ...
2018-09-21 10:23:24,311 INFO EPOCH 5 - 12 sec ...
2018-09-21 10:23:24,311 INFO EPOCH 5 - 12 sec ...
2018-09-21 10:23:24,312 INFO Training Accuracy = 0.978 Validation Accuracy = 0.926
2018-09-21 10:23:24,312 INFO Training Accuracy = 0.978 Validation Accuracy = 0.926
2018-09-21 10:23:24,312 INFO Training Accuracy = 0.978 Validation Accuracy = 0.926
2018-09-21 10:23:24,312 INFO Training Accuracy = 0.978 Validation Accuracy = 0.926
2018-09-21 10:23:26,805 INFO EPOCH 6 - 15 sec ...
2018-09-21 10:23:26,805 INFO EPOCH 6 - 15 sec ...
2018-09-21 10:23:26,805 INFO EPOCH 6 - 15 sec ...
2018-09-21 10:23:26,805 INFO EPOCH 6 - 15 sec ...
2018-09-21 10:23:26,806 INFO Training Accuracy = 0.982 Validation Accuracy = 0.934
2018-09-21 10:23:26,806 INFO Training Accuracy = 0.982 Validation Accuracy = 0.934
2018-09-21 10:23:26,806 INFO Training Accuracy = 0.982 Validation Accuracy = 0.934
2018-09-21 10:23:26,806 INFO Training Accuracy = 0.982 Validation Accuracy = 0.934
2018-09-21 10:23:29,265 INFO EPOCH 7 - 17 sec ...
2018-09-21 10:23:29,265 INFO EPOCH 7 - 17 sec ...
2018-09-21 10:23:29,265 INFO EPOCH 7 - 17 sec ...
2018-09-21 10:23:29,265 INFO EPOCH 7 - 17 sec ...
2018-09-21 10:23:29,265 INFO Training Accuracy = 0.987 Validation Accuracy = 0.934
2018-09-21 10:23:29,265 INFO Training Accuracy = 0.987 Validation Accuracy = 0.934
2018-09-21 10:23:29,265 INFO Training Accuracy = 0.987 Validation Accuracy = 0.934
2018-09-21 10:23:29,265 INFO Training Accuracy = 0.987 Validation Accuracy = 0.934
2018-09-21 10:23:31,848 INFO EPOCH 8 - 20 sec ...
2018-09-21 10:23:31,848 INFO EPOCH 8 - 20 sec ...
2018-09-21 10:23:31,848 INFO EPOCH 8 - 20 sec ...
2018-09-21 10:23:31,848 INFO EPOCH 8 - 20 sec ...
2018-09-21 10:23:31,849 INFO Training Accuracy = 0.988 Validation Accuracy = 0.943
2018-09-21 10:23:31,849 INFO Training Accuracy = 0.988 Validation Accuracy = 0.943
2018-09-21 10:23:31,849 INFO Training Accuracy = 0.988 Validation Accuracy = 0.943
2018-09-21 10:23:31,849 INFO Training Accuracy = 0.988 Validation Accuracy = 0.943
2018-09-21 10:23:34,332 INFO EPOCH 9 - 22 sec ...
2018-09-21 10:23:34,332 INFO EPOCH 9 - 22 sec ...
2018-09-21 10:23:34,332 INFO EPOCH 9 - 22 sec ...
2018-09-21 10:23:34,332 INFO EPOCH 9 - 22 sec ...
2018-09-21 10:23:34,333 INFO Training Accuracy = 0.991 Validation Accuracy = 0.940
2018-09-21 10:23:34,333 INFO Training Accuracy = 0.991 Validation Accuracy = 0.940
2018-09-21 10:23:34,333 INFO Training Accuracy = 0.991 Validation Accuracy = 0.940
2018-09-21 10:23:34,333 INFO Training Accuracy = 0.991 Validation Accuracy = 0.940
2018-09-21 10:23:36,997 INFO EPOCH 10 - 25 sec ...
2018-09-21 10:23:36,997 INFO EPOCH 10 - 25 sec ...
2018-09-21 10:23:36,997 INFO EPOCH 10 - 25 sec ...
2018-09-21 10:23:36,997 INFO EPOCH 10 - 25 sec ...
2018-09-21 10:23:36,998 INFO Training Accuracy = 0.993 Validation Accuracy = 0.940
2018-09-21 10:23:36,998 INFO Training Accuracy = 0.993 Validation Accuracy = 0.940
2018-09-21 10:23:36,998 INFO Training Accuracy = 0.993 Validation Accuracy = 0.940
2018-09-21 10:23:36,998 INFO Training Accuracy = 0.993 Validation Accuracy = 0.940
2018-09-21 10:23:39,587 INFO EPOCH 11 - 28 sec ...
2018-09-21 10:23:39,587 INFO EPOCH 11 - 28 sec ...
2018-09-21 10:23:39,587 INFO EPOCH 11 - 28 sec ...
2018-09-21 10:23:39,587 INFO EPOCH 11 - 28 sec ...
2018-09-21 10:23:39,587 INFO Training Accuracy = 0.990 Validation Accuracy = 0.932
2018-09-21 10:23:39,587 INFO Training Accuracy = 0.990 Validation Accuracy = 0.932
2018-09-21 10:23:39,587 INFO Training Accuracy = 0.990 Validation Accuracy = 0.932
2018-09-21 10:23:39,587 INFO Training Accuracy = 0.990 Validation Accuracy = 0.932
2018-09-21 10:23:42,186 INFO EPOCH 12 - 30 sec ...
2018-09-21 10:23:42,186 INFO EPOCH 12 - 30 sec ...
2018-09-21 10:23:42,186 INFO EPOCH 12 - 30 sec ...
2018-09-21 10:23:42,186 INFO EPOCH 12 - 30 sec ...
2018-09-21 10:23:42,187 INFO Training Accuracy = 0.995 Validation Accuracy = 0.954
2018-09-21 10:23:42,187 INFO Training Accuracy = 0.995 Validation Accuracy = 0.954
2018-09-21 10:23:42,187 INFO Training Accuracy = 0.995 Validation Accuracy = 0.954
2018-09-21 10:23:42,187 INFO Training Accuracy = 0.995 Validation Accuracy = 0.954
2018-09-21 10:23:44,629 INFO EPOCH 13 - 33 sec ...
2018-09-21 10:23:44,629 INFO EPOCH 13 - 33 sec ...
2018-09-21 10:23:44,629 INFO EPOCH 13 - 33 sec ...
2018-09-21 10:23:44,629 INFO EPOCH 13 - 33 sec ...
2018-09-21 10:23:44,635 INFO Training Accuracy = 0.993 Validation Accuracy = 0.942
2018-09-21 10:23:44,635 INFO Training Accuracy = 0.993 Validation Accuracy = 0.942
2018-09-21 10:23:44,635 INFO Training Accuracy = 0.993 Validation Accuracy = 0.942
2018-09-21 10:23:44,635 INFO Training Accuracy = 0.993 Validation Accuracy = 0.942
2018-09-21 10:23:47,146 INFO EPOCH 14 - 35 sec ...
2018-09-21 10:23:47,146 INFO EPOCH 14 - 35 sec ...
2018-09-21 10:23:47,146 INFO EPOCH 14 - 35 sec ...
2018-09-21 10:23:47,146 INFO EPOCH 14 - 35 sec ...
2018-09-21 10:23:47,147 INFO Training Accuracy = 0.995 Validation Accuracy = 0.946
2018-09-21 10:23:47,147 INFO Training Accuracy = 0.995 Validation Accuracy = 0.946
2018-09-21 10:23:47,147 INFO Training Accuracy = 0.995 Validation Accuracy = 0.946
2018-09-21 10:23:47,147 INFO Training Accuracy = 0.995 Validation Accuracy = 0.946
2018-09-21 10:23:49,714 INFO EPOCH 15 - 38 sec ...
2018-09-21 10:23:49,714 INFO EPOCH 15 - 38 sec ...
2018-09-21 10:23:49,714 INFO EPOCH 15 - 38 sec ...
2018-09-21 10:23:49,714 INFO EPOCH 15 - 38 sec ...
2018-09-21 10:23:49,715 INFO Training Accuracy = 0.997 Validation Accuracy = 0.950
2018-09-21 10:23:49,715 INFO Training Accuracy = 0.997 Validation Accuracy = 0.950
2018-09-21 10:23:49,715 INFO Training Accuracy = 0.997 Validation Accuracy = 0.950
2018-09-21 10:23:49,715 INFO Training Accuracy = 0.997 Validation Accuracy = 0.950
2018-09-21 10:23:49,887 INFO Restoring parameters from ./lenet
2018-09-21 10:23:49,887 INFO Restoring parameters from ./lenet
2018-09-21 10:23:49,887 INFO Restoring parameters from ./lenet
2018-09-21 10:23:49,887 INFO Restoring parameters from ./lenet
2018-09-21 11:05:28,236 INFO Restoring parameters from ./lenet
2018-09-21 11:05:28,236 INFO Restoring parameters from ./lenet
2018-09-21 11:05:28,236 INFO Restoring parameters from ./lenet
2018-09-21 11:05:28,236 INFO Restoring parameters from ./lenet
2018-09-21 11:06:09,904 INFO Restoring parameters from ./lenet
2018-09-21 11:06:09,904 INFO Restoring parameters from ./lenet
2018-09-21 11:06:09,904 INFO Restoring parameters from ./lenet
2018-09-21 11:06:09,904 INFO Restoring parameters from ./lenet
2018-09-21 11:06:23,800 INFO Restoring parameters from ./lenet
2018-09-21 11:06:23,800 INFO Restoring parameters from ./lenet
2018-09-21 11:06:23,800 INFO Restoring parameters from ./lenet
2018-09-21 11:06:23,800 INFO Restoring parameters from ./lenet
2018-09-21 11:07:47,688 INFO Restoring parameters from ./lenet
2018-09-21 11:07:47,688 INFO Restoring parameters from ./lenet
2018-09-21 11:07:47,688 INFO Restoring parameters from ./lenet
2018-09-21 11:07:47,688 INFO Restoring parameters from ./lenet
2018-09-21 11:08:35,904 INFO Restoring parameters from ./lenet
2018-09-21 11:08:35,904 INFO Restoring parameters from ./lenet
2018-09-21 11:08:35,904 INFO Restoring parameters from ./lenet
2018-09-21 11:08:35,904 INFO Restoring parameters from ./lenet
2018-09-21 11:09:07,466 INFO Restoring parameters from ./lenet
2018-09-21 11:09:07,466 INFO Restoring parameters from ./lenet
2018-09-21 11:09:07,466 INFO Restoring parameters from ./lenet
2018-09-21 11:09:07,466 INFO Restoring parameters from ./lenet
2018-09-21 11:11:05,228 INFO Restoring parameters from ./lenet
2018-09-21 11:11:05,228 INFO Restoring parameters from ./lenet
2018-09-21 11:11:05,228 INFO Restoring parameters from ./lenet
2018-09-21 11:11:05,228 INFO Restoring parameters from ./lenet
2018-09-21 11:11:50,453 INFO Restoring parameters from ./lenet
2018-09-21 11:11:50,453 INFO Restoring parameters from ./lenet
2018-09-21 11:11:50,453 INFO Restoring parameters from ./lenet
2018-09-21 11:11:50,453 INFO Restoring parameters from ./lenet
2018-09-21 11:12:03,908 INFO Restoring parameters from ./lenet
2018-09-21 11:12:03,908 INFO Restoring parameters from ./lenet
2018-09-21 11:12:03,908 INFO Restoring parameters from ./lenet
2018-09-21 11:12:03,908 INFO Restoring parameters from ./lenet
2018-09-21 11:14:23,588 INFO Restoring parameters from ./lenet
2018-09-21 11:14:23,588 INFO Restoring parameters from ./lenet
2018-09-21 11:14:23,588 INFO Restoring parameters from ./lenet
2018-09-21 11:14:23,588 INFO Restoring parameters from ./lenet
2018-09-21 11:14:44,337 INFO Restoring parameters from ./lenet
2018-09-21 11:14:44,337 INFO Restoring parameters from ./lenet
2018-09-21 11:14:44,337 INFO Restoring parameters from ./lenet
2018-09-21 11:14:44,337 INFO Restoring parameters from ./lenet
2018-09-21 11:14:57,821 INFO Restoring parameters from ./lenet
2018-09-21 11:14:57,821 INFO Restoring parameters from ./lenet
2018-09-21 11:14:57,821 INFO Restoring parameters from ./lenet
2018-09-21 11:14:57,821 INFO Restoring parameters from ./lenet
2018-09-21 11:15:44,147 INFO Restoring parameters from ./lenet
2018-09-21 11:15:44,147 INFO Restoring parameters from ./lenet
2018-09-21 11:15:44,147 INFO Restoring parameters from ./lenet
2018-09-21 11:15:44,147 INFO Restoring parameters from ./lenet
2018-09-21 11:16:34,621 INFO Restoring parameters from ./lenet
2018-09-21 11:16:34,621 INFO Restoring parameters from ./lenet
2018-09-21 11:16:34,621 INFO Restoring parameters from ./lenet
2018-09-21 11:16:34,621 INFO Restoring parameters from ./lenet
2018-09-21 11:17:08,035 INFO Restoring parameters from ./lenet
2018-09-21 11:17:08,035 INFO Restoring parameters from ./lenet
2018-09-21 11:17:08,035 INFO Restoring parameters from ./lenet
2018-09-21 11:17:08,035 INFO Restoring parameters from ./lenet
2018-09-21 11:19:34,937 INFO Restoring parameters from ./lenet
2018-09-21 11:19:34,937 INFO Restoring parameters from ./lenet
2018-09-21 11:19:34,937 INFO Restoring parameters from ./lenet
2018-09-21 11:19:34,937 INFO Restoring parameters from ./lenet
2018-09-21 11:20:29,924 INFO Restoring parameters from ./lenet
2018-09-21 11:20:29,924 INFO Restoring parameters from ./lenet
2018-09-21 11:20:29,924 INFO Restoring parameters from ./lenet
2018-09-21 11:20:29,924 INFO Restoring parameters from ./lenet
2018-09-21 11:21:07,755 INFO Restoring parameters from ./lenet
2018-09-21 11:21:07,755 INFO Restoring parameters from ./lenet
2018-09-21 11:21:07,755 INFO Restoring parameters from ./lenet
2018-09-21 11:21:07,755 INFO Restoring parameters from ./lenet
2018-09-21 11:21:29,447 INFO Restoring parameters from ./lenet
2018-09-21 11:21:29,447 INFO Restoring parameters from ./lenet
2018-09-21 11:21:29,447 INFO Restoring parameters from ./lenet
2018-09-21 11:21:29,447 INFO Restoring parameters from ./lenet
2018-09-21 11:22:39,501 INFO Restoring parameters from ./lenet
2018-09-21 11:22:39,501 INFO Restoring parameters from ./lenet
2018-09-21 11:22:39,501 INFO Restoring parameters from ./lenet
2018-09-21 11:22:39,501 INFO Restoring parameters from ./lenet
2018-09-21 11:25:50,635 INFO Restoring parameters from ./lenet
2018-09-21 11:25:50,635 INFO Restoring parameters from ./lenet
2018-09-21 11:25:50,635 INFO Restoring parameters from ./lenet
2018-09-21 11:25:50,635 INFO Restoring parameters from ./lenet
2018-09-21 11:26:14,753 INFO Restoring parameters from ./lenet
2018-09-21 11:26:14,753 INFO Restoring parameters from ./lenet
2018-09-21 11:26:14,753 INFO Restoring parameters from ./lenet
2018-09-21 11:26:14,753 INFO Restoring parameters from ./lenet
2018-09-21 11:26:27,782 INFO Restoring parameters from ./lenet
2018-09-21 11:26:27,782 INFO Restoring parameters from ./lenet
2018-09-21 11:26:27,782 INFO Restoring parameters from ./lenet
2018-09-21 11:26:27,782 INFO Restoring parameters from ./lenet
2018-09-21 11:26:32,712 INFO Restoring parameters from ./lenet
2018-09-21 11:26:32,712 INFO Restoring parameters from ./lenet
2018-09-21 11:26:32,712 INFO Restoring parameters from ./lenet
2018-09-21 11:26:32,712 INFO Restoring parameters from ./lenet
2018-09-21 11:30:02,428 INFO Training..., batch_size = 128 , learning rate = 0.001
2018-09-21 11:30:05,717 INFO EPOCH 1 - 2 sec ...
2018-09-21 11:30:05,717 INFO Training Accuracy = 0.790 Validation Accuracy = 0.705
2018-09-21 11:30:08,148 INFO EPOCH 2 - 4 sec ...
2018-09-21 11:30:08,149 INFO Training Accuracy = 0.914 Validation Accuracy = 0.840
2018-09-21 11:30:10,665 INFO EPOCH 3 - 7 sec ...
2018-09-21 11:30:10,665 INFO Training Accuracy = 0.946 Validation Accuracy = 0.890
2018-09-21 11:30:13,114 INFO EPOCH 4 - 9 sec ...
2018-09-21 11:30:13,114 INFO Training Accuracy = 0.963 Validation Accuracy = 0.893
2018-09-21 11:30:15,557 INFO EPOCH 5 - 12 sec ...
2018-09-21 11:30:15,557 INFO Training Accuracy = 0.975 Validation Accuracy = 0.916
2018-09-21 11:30:17,947 INFO EPOCH 6 - 14 sec ...
2018-09-21 11:30:17,947 INFO Training Accuracy = 0.979 Validation Accuracy = 0.915
2018-09-21 11:30:20,447 INFO EPOCH 7 - 17 sec ...
2018-09-21 11:30:20,448 INFO Training Accuracy = 0.982 Validation Accuracy = 0.917
2018-09-21 11:30:22,878 INFO EPOCH 8 - 19 sec ...
2018-09-21 11:30:22,879 INFO Training Accuracy = 0.984 Validation Accuracy = 0.923
2018-09-21 11:30:26,113 INFO EPOCH 9 - 22 sec ...
2018-09-21 11:30:26,114 INFO Training Accuracy = 0.991 Validation Accuracy = 0.937
2018-09-21 11:30:29,696 INFO EPOCH 10 - 26 sec ...
2018-09-21 11:30:29,697 INFO Training Accuracy = 0.990 Validation Accuracy = 0.933
2018-09-21 11:30:32,099 INFO EPOCH 11 - 28 sec ...
2018-09-21 11:30:32,099 INFO Training Accuracy = 0.992 Validation Accuracy = 0.942
2018-09-21 11:30:34,736 INFO EPOCH 12 - 31 sec ...
2018-09-21 11:30:34,736 INFO Training Accuracy = 0.994 Validation Accuracy = 0.945
2018-09-21 11:30:37,289 INFO EPOCH 13 - 34 sec ...
2018-09-21 11:30:37,290 INFO Training Accuracy = 0.996 Validation Accuracy = 0.947
2018-09-21 11:31:21,444 INFO Training..., batch_size = 128 , learning rate = 0.001
2018-09-21 11:31:24,928 INFO EPOCH 1 - 3 sec ...
2018-09-21 11:31:24,928 INFO Training Accuracy = 0.793 Validation Accuracy = 0.741
2018-09-21 11:31:27,438 INFO EPOCH 2 - 5 sec ...
2018-09-21 11:31:27,439 INFO Training Accuracy = 0.921 Validation Accuracy = 0.856
2018-09-21 11:31:29,973 INFO EPOCH 3 - 8 sec ...
2018-09-21 11:31:29,973 INFO Training Accuracy = 0.953 Validation Accuracy = 0.892
2018-09-21 11:31:32,394 INFO EPOCH 4 - 10 sec ...
2018-09-21 11:31:32,394 INFO Training Accuracy = 0.968 Validation Accuracy = 0.912
2018-09-21 11:31:34,886 INFO EPOCH 5 - 13 sec ...
2018-09-21 11:31:34,886 INFO Training Accuracy = 0.979 Validation Accuracy = 0.916
2018-09-21 11:31:37,316 INFO EPOCH 6 - 15 sec ...
2018-09-21 11:31:37,316 INFO Training Accuracy = 0.985 Validation Accuracy = 0.932
2018-09-21 11:31:39,850 INFO EPOCH 7 - 18 sec ...
2018-09-21 11:31:39,851 INFO Training Accuracy = 0.986 Validation Accuracy = 0.937
2018-09-21 11:31:42,397 INFO EPOCH 8 - 20 sec ...
2018-09-21 11:31:42,397 INFO Training Accuracy = 0.988 Validation Accuracy = 0.945
2018-09-21 11:31:45,029 INFO EPOCH 9 - 23 sec ...
2018-09-21 11:31:45,029 INFO Training Accuracy = 0.992 Validation Accuracy = 0.941
2018-09-21 11:31:47,581 INFO EPOCH 10 - 25 sec ...
2018-09-21 11:31:47,581 INFO Training Accuracy = 0.994 Validation Accuracy = 0.946
2018-09-21 11:31:50,090 INFO EPOCH 11 - 28 sec ...
2018-09-21 11:31:50,090 INFO Training Accuracy = 0.994 Validation Accuracy = 0.946
2018-09-21 11:31:52,617 INFO EPOCH 12 - 30 sec ...
2018-09-21 11:31:52,617 INFO Training Accuracy = 0.993 Validation Accuracy = 0.942
2018-09-21 11:31:55,131 INFO EPOCH 13 - 33 sec ...
2018-09-21 11:31:55,131 INFO Training Accuracy = 0.995 Validation Accuracy = 0.945
2018-09-21 11:31:57,714 INFO EPOCH 14 - 36 sec ...
2018-09-21 11:31:57,714 INFO Training Accuracy = 0.996 Validation Accuracy = 0.949
2018-09-21 11:32:00,651 INFO EPOCH 15 - 39 sec ...
2018-09-21 11:32:00,651 INFO Training Accuracy = 0.998 Validation Accuracy = 0.952
2018-09-21 11:32:00,688 INFO Restoring parameters from ./lenet
2018-09-21 11:32:01,810 INFO Restoring parameters from ./lenet
2018-09-21 11:44:58,245 INFO Restoring parameters from ./lenet
2018-09-21 11:46:01,165 INFO Restoring parameters from ./lenet
